mode: set
github.com/vlahanam/rol-outfit/src/internal/models/cart.go:11.32,11.50 1 0
github.com/vlahanam/rol-outfit/src/internal/models/cart.go:24.36,24.58 1 0
github.com/vlahanam/rol-outfit/src/internal/models/category.go:25.36,25.59 1 0
github.com/vlahanam/rol-outfit/src/internal/models/order.go:31.33,31.52 1 0
github.com/vlahanam/rol-outfit/src/internal/models/order.go:44.37,44.60 1 0
github.com/vlahanam/rol-outfit/src/internal/models/product.go:20.52,21.17 1 0
github.com/vlahanam/rol-outfit/src/internal/models/product.go:21.17,23.3 1 0
github.com/vlahanam/rol-outfit/src/internal/models/product.go:24.2,25.22 2 0
github.com/vlahanam/rol-outfit/src/internal/models/product.go:25.22,27.3 1 0
github.com/vlahanam/rol-outfit/src/internal/models/product.go:28.2,28.50 1 0
github.com/vlahanam/rol-outfit/src/internal/models/product.go:31.51,32.16 1 0
github.com/vlahanam/rol-outfit/src/internal/models/product.go:32.16,35.3 2 0
github.com/vlahanam/rol-outfit/src/internal/models/product.go:36.2,37.25 2 0
github.com/vlahanam/rol-outfit/src/internal/models/product.go:38.14,39.10 1 0
github.com/vlahanam/rol-outfit/src/internal/models/product.go:40.14,41.18 1 0
github.com/vlahanam/rol-outfit/src/internal/models/product.go:42.10,43.66 1 0
github.com/vlahanam/rol-outfit/src/internal/models/product.go:45.2,46.30 2 0
github.com/vlahanam/rol-outfit/src/internal/models/product.go:46.30,49.3 2 0
github.com/vlahanam/rol-outfit/src/internal/models/product.go:50.2,50.66 1 0
github.com/vlahanam/rol-outfit/src/internal/models/product.go:50.66,52.3 1 0
github.com/vlahanam/rol-outfit/src/internal/models/product.go:53.2,54.12 2 0
github.com/vlahanam/rol-outfit/src/internal/models/product.go:57.45,58.13 1 0
github.com/vlahanam/rol-outfit/src/internal/models/product.go:58.13,60.3 1 0
github.com/vlahanam/rol-outfit/src/internal/models/product.go:61.2,65.22 5 0
github.com/vlahanam/rol-outfit/src/internal/models/product.go:65.22,66.14 1 0
github.com/vlahanam/rol-outfit/src/internal/models/product.go:66.14,69.12 3 0
github.com/vlahanam/rol-outfit/src/internal/models/product.go:71.3,71.12 1 0
github.com/vlahanam/rol-outfit/src/internal/models/product.go:72.13,73.18 1 0
github.com/vlahanam/rol-outfit/src/internal/models/product.go:74.12,75.22 1 0
github.com/vlahanam/rol-outfit/src/internal/models/product.go:76.12,77.16 1 0
github.com/vlahanam/rol-outfit/src/internal/models/product.go:77.16,80.5 2 0
github.com/vlahanam/rol-outfit/src/internal/models/product.go:80.10,82.5 1 0
github.com/vlahanam/rol-outfit/src/internal/models/product.go:83.11,84.20 1 0
github.com/vlahanam/rol-outfit/src/internal/models/product.go:87.2,88.15 2 0
github.com/vlahanam/rol-outfit/src/internal/models/product.go:109.35,109.56 1 0
github.com/vlahanam/rol-outfit/src/internal/models/product_tag.go:11.38,11.63 1 0
github.com/vlahanam/rol-outfit/src/internal/models/product_variant.go:29.42,29.71 1 0
github.com/vlahanam/rol-outfit/src/internal/models/refresh_token.go:15.40,17.2 1 0
github.com/vlahanam/rol-outfit/src/internal/models/tag.go:15.31,15.48 1 0
github.com/vlahanam/rol-outfit/src/internal/models/user.go:36.32,38.2 1 1
github.com/vlahanam/rol-outfit/src/internal/models/user_address.go:21.39,23.2 1 0
github.com/vlahanam/rol-outfit/src/internal/models/widget.go:36.34,36.54 1 0
github.com/vlahanam/rol-outfit/src/cmd/seed/main.go:12.13,18.42 4 0
github.com/vlahanam/rol-outfit/src/cmd/seed/main.go:18.42,20.3 1 0
github.com/vlahanam/rol-outfit/src/cmd/seed/main.go:21.2,21.33 1 0
github.com/vlahanam/rol-outfit/src/internal/common/error_response.go:63.63,64.16 1 0
github.com/vlahanam/rol-outfit/src/internal/common/error_response.go:64.16,66.3 1 0
github.com/vlahanam/rol-outfit/src/internal/common/error_response.go:68.2,68.51 1 0
github.com/vlahanam/rol-outfit/src/internal/common/error_response.go:68.51,70.3 1 0
github.com/vlahanam/rol-outfit/src/internal/common/error_response.go:72.2,72.8 1 0
github.com/vlahanam/rol-outfit/src/internal/common/error_response.go:75.38,77.2 1 0
github.com/vlahanam/rol-outfit/src/internal/common/error_response.go:79.40,81.2 1 0
github.com/vlahanam/rol-outfit/src/internal/common/error_response.go:83.57,86.2 2 0
github.com/vlahanam/rol-outfit/src/internal/common/error_response.go:88.55,91.2 2 0
github.com/vlahanam/rol-outfit/src/internal/common/error_response.go:93.59,94.52 1 0
github.com/vlahanam/rol-outfit/src/internal/common/error_response.go:94.52,96.3 1 0
github.com/vlahanam/rol-outfit/src/internal/common/error_response.go:96.8,98.3 1 0
github.com/vlahanam/rol-outfit/src/internal/common/error_response.go:99.2,99.10 1 0
github.com/vlahanam/rol-outfit/src/internal/common/error_response.go:102.42,103.26 1 0
github.com/vlahanam/rol-outfit/src/internal/common/error_response.go:104.20,108.31 1 0
github.com/vlahanam/rol-outfit/src/internal/common/error_response.go:109.21,113.31 1 0
github.com/vlahanam/rol-outfit/src/internal/common/error_response.go:114.10,115.15 1 0
github.com/vlahanam/rol-outfit/src/internal/common/error_response.go:119.39,121.2 1 0
github.com/vlahanam/rol-outfit/src/internal/common/error_response.go:123.35,125.2 1 0
github.com/vlahanam/rol-outfit/src/internal/common/error_response.go:127.38,129.2 1 0
github.com/vlahanam/rol-outfit/src/internal/common/error_response.go:131.42,133.2 1 0
github.com/vlahanam/rol-outfit/src/internal/common/error_response.go:135.39,137.2 1 0
github.com/vlahanam/rol-outfit/src/internal/common/error_response.go:139.38,141.2 1 0
github.com/vlahanam/rol-outfit/src/internal/common/error_response.go:143.56,145.2 1 0
github.com/vlahanam/rol-outfit/src/internal/common/error_response.go:147.40,149.2 1 0
github.com/vlahanam/rol-outfit/src/internal/common/error_response.go:151.63,154.2 2 0
github.com/vlahanam/rol-outfit/src/internal/common/error_response.go:156.85,158.2 1 0
github.com/vlahanam/rol-outfit/src/internal/common/error_response.go:160.63,163.2 2 0
github.com/vlahanam/rol-outfit/src/internal/common/error_response.go:165.85,167.2 1 0
github.com/vlahanam/rol-outfit/src/internal/common/error_response.go:169.83,171.2 1 0
github.com/vlahanam/rol-outfit/src/internal/common/error_response.go:173.61,176.2 2 0
github.com/vlahanam/rol-outfit/src/internal/common/error_response.go:178.80,179.27 1 0
github.com/vlahanam/rol-outfit/src/internal/common/error_response.go:179.27,181.3 1 0
github.com/vlahanam/rol-outfit/src/internal/common/error_response.go:182.2,183.11 2 0
github.com/vlahanam/rol-outfit/src/internal/common/error_response.go:186.98,187.27 1 0
github.com/vlahanam/rol-outfit/src/internal/common/error_response.go:187.27,189.3 1 0
github.com/vlahanam/rol-outfit/src/internal/common/error_response.go:190.2,191.11 2 0
github.com/vlahanam/rol-outfit/src/internal/common/error_response.go:194.81,197.2 2 0
github.com/vlahanam/rol-outfit/src/internal/common/error_response.go:199.54,200.14 1 0
github.com/vlahanam/rol-outfit/src/internal/common/error_response.go:201.11,202.18 1 0
github.com/vlahanam/rol-outfit/src/internal/common/error_response.go:202.18,211.4 8 0
github.com/vlahanam/rol-outfit/src/internal/common/error_response.go:212.3,212.14 1 0
github.com/vlahanam/rol-outfit/src/internal/common/error_response.go:213.11,214.41 1 0
github.com/vlahanam/rol-outfit/src/internal/common/error_response.go:215.11,216.44 1 0
github.com/vlahanam/rol-outfit/src/internal/common/error_response.go:220.64,229.49 3 0
github.com/vlahanam/rol-outfit/src/internal/common/error_response.go:229.49,231.3 1 0
github.com/vlahanam/rol-outfit/src/internal/common/error_response.go:232.2,232.75 1 0
github.com/vlahanam/rol-outfit/src/internal/common/error_response.go:232.75,234.3 1 0
github.com/vlahanam/rol-outfit/src/internal/common/error_response.go:235.2,235.72 1 0
github.com/vlahanam/rol-outfit/src/internal/common/error_response.go:235.72,237.3 1 0
github.com/vlahanam/rol-outfit/src/internal/common/error_response.go:238.2,238.69 1 0
github.com/vlahanam/rol-outfit/src/internal/common/error_response.go:238.69,240.3 1 0
github.com/vlahanam/rol-outfit/src/internal/common/error_response.go:241.2,241.76 1 0
github.com/vlahanam/rol-outfit/src/internal/common/error_response.go:241.76,243.3 1 0
github.com/vlahanam/rol-outfit/src/internal/common/error_response.go:244.2,244.48 1 0
github.com/vlahanam/rol-outfit/src/internal/common/error_response.go:244.48,246.3 1 0
github.com/vlahanam/rol-outfit/src/internal/common/error_response.go:247.2,247.45 1 0
github.com/vlahanam/rol-outfit/src/internal/common/error_response.go:247.45,249.3 1 0
github.com/vlahanam/rol-outfit/src/internal/common/error_response.go:251.2,251.26 1 0
github.com/vlahanam/rol-outfit/src/internal/common/error_response.go:251.26,253.3 1 0
github.com/vlahanam/rol-outfit/src/internal/common/error_response.go:255.2,255.11 1 0
github.com/vlahanam/rol-outfit/src/internal/common/pagination.go:11.28,12.16 1 0
github.com/vlahanam/rol-outfit/src/internal/common/pagination.go:12.16,14.3 1 0
github.com/vlahanam/rol-outfit/src/internal/common/pagination.go:16.2,16.18 1 0
github.com/vlahanam/rol-outfit/src/internal/common/pagination.go:16.18,18.3 1 0
github.com/vlahanam/rol-outfit/src/internal/common/pagination.go:20.2,20.20 1 0
github.com/vlahanam/rol-outfit/src/internal/common/pagination.go:20.20,22.3 1 0
github.com/vlahanam/rol-outfit/src/internal/common/slug.go:21.31,26.2 4 0
github.com/vlahanam/rol-outfit/src/internal/common/success_response.go:9.72,11.2 1 0
github.com/vlahanam/rol-outfit/src/internal/common/success_response.go:13.54,15.2 1 0
github.com/vlahanam/rol-outfit/src/internal/common/validation.go:10.75,12.9 2 0
github.com/vlahanam/rol-outfit/src/internal/common/validation.go:12.9,14.3 1 0
github.com/vlahanam/rol-outfit/src/internal/common/validation.go:15.2,16.37 2 0
github.com/vlahanam/rol-outfit/src/internal/common/validation.go:16.37,19.3 2 0
github.com/vlahanam/rol-outfit/src/internal/common/validation.go:20.2,20.16 1 0
github.com/vlahanam/rol-outfit/src/cmd/main.go:7.13,9.2 1 0
github.com/vlahanam/rol-outfit/src/internal/initialize/loadconfig.go:25.34,30.2 1 0
github.com/vlahanam/rol-outfit/src/internal/initialize/loadconfig.go:33.41,38.2 1 0
github.com/vlahanam/rol-outfit/src/internal/initialize/loadconfig.go:40.42,41.34 1 0
github.com/vlahanam/rol-outfit/src/internal/initialize/loadconfig.go:41.34,43.3 1 0
github.com/vlahanam/rol-outfit/src/internal/initialize/loadconfig.go:44.2,44.17 1 0
github.com/vlahanam/rol-outfit/src/internal/initialize/loadconfig.go:47.52,48.34 1 0
github.com/vlahanam/rol-outfit/src/internal/initialize/loadconfig.go:48.34,49.56 1 0
github.com/vlahanam/rol-outfit/src/internal/initialize/loadconfig.go:49.56,51.4 1 0
github.com/vlahanam/rol-outfit/src/internal/initialize/loadconfig.go:53.2,53.17 1 0
github.com/vlahanam/rol-outfit/src/internal/initialize/loadconfig.go:57.30,71.2 1 0
github.com/vlahanam/rol-outfit/src/internal/initialize/postgres.go:17.38,21.16 2 0
github.com/vlahanam/rol-outfit/src/internal/initialize/postgres.go:21.16,23.3 1 0
github.com/vlahanam/rol-outfit/src/internal/initialize/postgres.go:25.2,26.16 2 0
github.com/vlahanam/rol-outfit/src/internal/initialize/postgres.go:26.16,28.3 1 0
github.com/vlahanam/rol-outfit/src/internal/initialize/postgres.go:29.2,34.11 5 0
github.com/vlahanam/rol-outfit/src/internal/initialize/postgres.go:38.36,42.16 3 0
github.com/vlahanam/rol-outfit/src/internal/initialize/postgres.go:42.16,44.3 1 0
github.com/vlahanam/rol-outfit/src/internal/initialize/postgres.go:45.2,47.61 2 0
github.com/vlahanam/rol-outfit/src/internal/initialize/postgres.go:47.61,49.3 1 0
github.com/vlahanam/rol-outfit/src/internal/initialize/postgres.go:51.2,51.50 1 0
github.com/vlahanam/rol-outfit/src/internal/initialize/route.go:13.62,17.45 3 0
github.com/vlahanam/rol-outfit/src/internal/initialize/route.go:17.45,19.3 1 0
github.com/vlahanam/rol-outfit/src/internal/initialize/route.go:21.2,162.55 87 0
github.com/vlahanam/rol-outfit/src/internal/initialize/run.go:13.12,22.12 5 0
github.com/vlahanam/rol-outfit/src/internal/initialize/run.go:22.12,25.22 3 0
github.com/vlahanam/rol-outfit/src/internal/initialize/run.go:25.22,26.80 1 0
github.com/vlahanam/rol-outfit/src/internal/initialize/run.go:26.80,28.5 1 0
github.com/vlahanam/rol-outfit/src/internal/initialize/run.go:32.2,36.42 4 0
github.com/vlahanam/rol-outfit/src/internal/services/auth_service.go:50.143,56.2 1 0
github.com/vlahanam/rol-outfit/src/internal/services/auth_service.go:59.112,62.16 2 0
github.com/vlahanam/rol-outfit/src/internal/services/auth_service.go:62.16,64.3 1 0
github.com/vlahanam/rol-outfit/src/internal/services/auth_service.go:65.2,65.21 1 0
github.com/vlahanam/rol-outfit/src/internal/services/auth_service.go:65.21,67.3 1 0
github.com/vlahanam/rol-outfit/src/internal/services/auth_service.go:70.2,70.21 1 0
github.com/vlahanam/rol-outfit/src/internal/services/auth_service.go:70.21,72.17 2 0
github.com/vlahanam/rol-outfit/src/internal/services/auth_service.go:72.17,74.4 1 0
github.com/vlahanam/rol-outfit/src/internal/services/auth_service.go:75.3,75.24 1 0
github.com/vlahanam/rol-outfit/src/internal/services/auth_service.go:75.24,77.4 1 0
github.com/vlahanam/rol-outfit/src/internal/services/auth_service.go:81.2,82.16 2 0
github.com/vlahanam/rol-outfit/src/internal/services/auth_service.go:82.16,84.3 1 0
github.com/vlahanam/rol-outfit/src/internal/services/auth_service.go:87.2,96.53 2 0
github.com/vlahanam/rol-outfit/src/internal/services/auth_service.go:96.53,97.53 1 0
github.com/vlahanam/rol-outfit/src/internal/services/auth_service.go:97.53,99.4 1 0
github.com/vlahanam/rol-outfit/src/internal/services/auth_service.go:100.3,100.59 1 0
github.com/vlahanam/rol-outfit/src/internal/services/auth_service.go:104.2,104.41 1 0
github.com/vlahanam/rol-outfit/src/internal/services/auth_service.go:108.106,111.16 2 0
github.com/vlahanam/rol-outfit/src/internal/services/auth_service.go:111.16,113.3 1 0
github.com/vlahanam/rol-outfit/src/internal/services/auth_service.go:114.2,114.17 1 0
github.com/vlahanam/rol-outfit/src/internal/services/auth_service.go:114.17,116.3 1 0
github.com/vlahanam/rol-outfit/src/internal/services/auth_service.go:119.2,119.99 1 0
github.com/vlahanam/rol-outfit/src/internal/services/auth_service.go:119.99,121.3 1 0
github.com/vlahanam/rol-outfit/src/internal/services/auth_service.go:124.2,124.41 1 0
github.com/vlahanam/rol-outfit/src/internal/services/auth_service.go:129.124,136.21 4 0
github.com/vlahanam/rol-outfit/src/internal/services/auth_service.go:136.21,138.3 1 0
github.com/vlahanam/rol-outfit/src/internal/services/auth_service.go:141.2,150.16 4 0
github.com/vlahanam/rol-outfit/src/internal/services/auth_service.go:150.16,152.3 1 0
github.com/vlahanam/rol-outfit/src/internal/services/auth_service.go:155.2,164.16 4 0
github.com/vlahanam/rol-outfit/src/internal/services/auth_service.go:164.16,166.3 1 0
github.com/vlahanam/rol-outfit/src/internal/services/auth_service.go:169.2,179.74 3 0
github.com/vlahanam/rol-outfit/src/internal/services/auth_service.go:179.74,181.3 1 0
github.com/vlahanam/rol-outfit/src/internal/services/auth_service.go:183.2,188.8 1 0
github.com/vlahanam/rol-outfit/src/internal/services/auth_service_refresh.go:16.37,20.2 3 0
github.com/vlahanam/rol-outfit/src/internal/services/auth_service_refresh.go:24.104,26.83 1 0
github.com/vlahanam/rol-outfit/src/internal/services/auth_service_refresh.go:26.83,27.54 1 0
github.com/vlahanam/rol-outfit/src/internal/services/auth_service_refresh.go:27.54,29.4 1 0
github.com/vlahanam/rol-outfit/src/internal/services/auth_service_refresh.go:30.3,30.34 1 0
github.com/vlahanam/rol-outfit/src/internal/services/auth_service_refresh.go:32.2,32.32 1 0
github.com/vlahanam/rol-outfit/src/internal/services/auth_service_refresh.go:32.32,34.3 1 0
github.com/vlahanam/rol-outfit/src/internal/services/auth_service_refresh.go:36.2,37.9 2 0
github.com/vlahanam/rol-outfit/src/internal/services/auth_service_refresh.go:37.9,39.3 1 0
github.com/vlahanam/rol-outfit/src/internal/services/auth_service_refresh.go:41.2,43.36 3 0
github.com/vlahanam/rol-outfit/src/internal/services/auth_service_refresh.go:43.36,45.3 1 0
github.com/vlahanam/rol-outfit/src/internal/services/auth_service_refresh.go:48.2,50.16 3 0
github.com/vlahanam/rol-outfit/src/internal/services/auth_service_refresh.go:50.16,52.3 1 0
github.com/vlahanam/rol-outfit/src/internal/services/auth_service_refresh.go:53.2,53.20 1 0
github.com/vlahanam/rol-outfit/src/internal/services/auth_service_refresh.go:53.20,55.3 1 0
github.com/vlahanam/rol-outfit/src/internal/services/auth_service_refresh.go:58.2,58.30 1 0
github.com/vlahanam/rol-outfit/src/internal/services/auth_service_refresh.go:58.30,61.3 2 0
github.com/vlahanam/rol-outfit/src/internal/services/auth_service_refresh.go:64.2,65.16 2 0
github.com/vlahanam/rol-outfit/src/internal/services/auth_service_refresh.go:65.16,67.3 1 0
github.com/vlahanam/rol-outfit/src/internal/services/auth_service_refresh.go:68.2,68.17 1 0
github.com/vlahanam/rol-outfit/src/internal/services/auth_service_refresh.go:68.17,70.3 1 0
github.com/vlahanam/rol-outfit/src/internal/services/auth_service_refresh.go:75.2,75.73 1 0
github.com/vlahanam/rol-outfit/src/internal/services/auth_service_refresh.go:75.73,76.47 1 0
github.com/vlahanam/rol-outfit/src/internal/services/auth_service_refresh.go:76.47,78.4 1 0
github.com/vlahanam/rol-outfit/src/internal/services/auth_service_refresh.go:79.3,79.72 1 0
github.com/vlahanam/rol-outfit/src/internal/services/auth_service_refresh.go:83.2,83.47 1 0
github.com/vlahanam/rol-outfit/src/internal/services/auth_service_refresh.go:88.81,89.83 1 0
github.com/vlahanam/rol-outfit/src/internal/services/auth_service_refresh.go:89.83,90.54 1 0
github.com/vlahanam/rol-outfit/src/internal/services/auth_service_refresh.go:90.54,92.4 1 0
github.com/vlahanam/rol-outfit/src/internal/services/auth_service_refresh.go:93.3,93.34 1 0
github.com/vlahanam/rol-outfit/src/internal/services/auth_service_refresh.go:95.2,95.32 1 0
github.com/vlahanam/rol-outfit/src/internal/services/auth_service_refresh.go:95.32,97.3 1 0
github.com/vlahanam/rol-outfit/src/internal/services/auth_service_refresh.go:99.2,100.9 2 0
github.com/vlahanam/rol-outfit/src/internal/services/auth_service_refresh.go:100.9,102.3 1 0
github.com/vlahanam/rol-outfit/src/internal/services/auth_service_refresh.go:104.2,105.18 2 0
github.com/vlahanam/rol-outfit/src/internal/services/auth_service_refresh.go:105.18,107.3 1 0
github.com/vlahanam/rol-outfit/src/internal/services/auth_service_refresh.go:109.2,109.64 1 0
github.com/vlahanam/rol-outfit/src/internal/services/cart_service.go:39.15,46.2 1 0
github.com/vlahanam/rol-outfit/src/internal/services/cart_service.go:48.109,50.16 2 0
github.com/vlahanam/rol-outfit/src/internal/services/cart_service.go:50.16,52.3 1 0
github.com/vlahanam/rol-outfit/src/internal/services/cart_service.go:53.2,54.16 2 0
github.com/vlahanam/rol-outfit/src/internal/services/cart_service.go:54.16,56.3 1 0
github.com/vlahanam/rol-outfit/src/internal/services/cart_service.go:57.2,57.25 1 0
github.com/vlahanam/rol-outfit/src/internal/services/cart_service.go:60.127,62.16 2 0
github.com/vlahanam/rol-outfit/src/internal/services/cart_service.go:62.16,64.3 1 0
github.com/vlahanam/rol-outfit/src/internal/services/cart_service.go:66.2,67.16 2 0
github.com/vlahanam/rol-outfit/src/internal/services/cart_service.go:67.16,69.3 1 0
github.com/vlahanam/rol-outfit/src/internal/services/cart_service.go:70.2,70.20 1 0
github.com/vlahanam/rol-outfit/src/internal/services/cart_service.go:70.20,72.3 1 0
github.com/vlahanam/rol-outfit/src/internal/services/cart_service.go:75.2,76.16 2 0
github.com/vlahanam/rol-outfit/src/internal/services/cart_service.go:76.16,78.3 1 0
github.com/vlahanam/rol-outfit/src/internal/services/cart_service.go:79.2,79.21 1 0
github.com/vlahanam/rol-outfit/src/internal/services/cart_service.go:79.21,81.117 2 0
github.com/vlahanam/rol-outfit/src/internal/services/cart_service.go:81.117,83.4 1 0
github.com/vlahanam/rol-outfit/src/internal/services/cart_service.go:84.3,85.23 2 0
github.com/vlahanam/rol-outfit/src/internal/services/cart_service.go:88.2,89.22 2 0
github.com/vlahanam/rol-outfit/src/internal/services/cart_service.go:89.22,91.17 2 0
github.com/vlahanam/rol-outfit/src/internal/services/cart_service.go:91.17,93.4 1 0
github.com/vlahanam/rol-outfit/src/internal/services/cart_service.go:94.3,94.44 1 0
github.com/vlahanam/rol-outfit/src/internal/services/cart_service.go:94.44,96.83 2 0
github.com/vlahanam/rol-outfit/src/internal/services/cart_service.go:96.83,98.5 1 0
github.com/vlahanam/rol-outfit/src/internal/services/cart_service.go:98.10,98.108 1 0
github.com/vlahanam/rol-outfit/src/internal/services/cart_service.go:98.108,100.5 1 0
github.com/vlahanam/rol-outfit/src/internal/services/cart_service.go:102.8,102.106 1 0
github.com/vlahanam/rol-outfit/src/internal/services/cart_service.go:102.106,104.3 1 0
github.com/vlahanam/rol-outfit/src/internal/services/cart_service.go:106.2,107.22 2 0
github.com/vlahanam/rol-outfit/src/internal/services/cart_service.go:107.22,109.3 1 0
github.com/vlahanam/rol-outfit/src/internal/services/cart_service.go:110.2,118.65 2 0
github.com/vlahanam/rol-outfit/src/internal/services/cart_service.go:118.65,120.3 1 0
github.com/vlahanam/rol-outfit/src/internal/services/cart_service.go:121.2,121.18 1 0
github.com/vlahanam/rol-outfit/src/internal/services/cart_service.go:124.121,125.67 1 0
github.com/vlahanam/rol-outfit/src/internal/services/cart_service.go:125.67,127.3 1 0
github.com/vlahanam/rol-outfit/src/internal/services/cart_service.go:128.2,128.101 1 0
github.com/vlahanam/rol-outfit/src/internal/services/cart_service.go:131.84,132.67 1 0
github.com/vlahanam/rol-outfit/src/internal/services/cart_service.go:132.67,134.3 1 0
github.com/vlahanam/rol-outfit/src/internal/services/cart_service.go:135.2,135.51 1 0
github.com/vlahanam/rol-outfit/src/internal/services/cart_service.go:138.93,140.16 2 0
github.com/vlahanam/rol-outfit/src/internal/services/cart_service.go:140.16,142.3 1 0
github.com/vlahanam/rol-outfit/src/internal/services/cart_service.go:143.2,143.17 1 0
github.com/vlahanam/rol-outfit/src/internal/services/cart_service.go:143.17,145.3 1 0
github.com/vlahanam/rol-outfit/src/internal/services/cart_service.go:146.2,147.16 2 0
github.com/vlahanam/rol-outfit/src/internal/services/cart_service.go:147.16,149.3 1 0
github.com/vlahanam/rol-outfit/src/internal/services/cart_service.go:150.2,150.43 1 0
github.com/vlahanam/rol-outfit/src/internal/services/cart_service.go:150.43,152.3 1 0
github.com/vlahanam/rol-outfit/src/internal/services/cart_service.go:153.2,153.12 1 0
github.com/vlahanam/rol-outfit/src/internal/services/category_service.go:34.79,36.2 1 0
github.com/vlahanam/rol-outfit/src/internal/services/category_service.go:38.107,40.2 1 0
github.com/vlahanam/rol-outfit/src/internal/services/category_service.go:42.112,44.2 1 0
github.com/vlahanam/rol-outfit/src/internal/services/category_service.go:46.93,48.16 2 0
github.com/vlahanam/rol-outfit/src/internal/services/category_service.go:48.16,50.3 1 0
github.com/vlahanam/rol-outfit/src/internal/services/category_service.go:51.2,51.14 1 0
github.com/vlahanam/rol-outfit/src/internal/services/category_service.go:51.14,53.3 1 0
github.com/vlahanam/rol-outfit/src/internal/services/category_service.go:54.2,54.15 1 0
github.com/vlahanam/rol-outfit/src/internal/services/category_service.go:57.98,59.16 2 0
github.com/vlahanam/rol-outfit/src/internal/services/category_service.go:59.16,61.3 1 0
github.com/vlahanam/rol-outfit/src/internal/services/category_service.go:62.2,62.14 1 0
github.com/vlahanam/rol-outfit/src/internal/services/category_service.go:62.14,64.3 1 0
github.com/vlahanam/rol-outfit/src/internal/services/category_service.go:65.2,65.15 1 0
github.com/vlahanam/rol-outfit/src/internal/services/category_service.go:68.118,70.16 2 0
github.com/vlahanam/rol-outfit/src/internal/services/category_service.go:70.16,72.3 1 0
github.com/vlahanam/rol-outfit/src/internal/services/category_service.go:74.2,75.16 2 0
github.com/vlahanam/rol-outfit/src/internal/services/category_service.go:75.16,77.3 1 0
github.com/vlahanam/rol-outfit/src/internal/services/category_service.go:78.2,78.21 1 0
github.com/vlahanam/rol-outfit/src/internal/services/category_service.go:78.21,80.3 1 0
github.com/vlahanam/rol-outfit/src/internal/services/category_service.go:82.2,89.54 2 0
github.com/vlahanam/rol-outfit/src/internal/services/category_service.go:89.54,91.3 1 0
github.com/vlahanam/rol-outfit/src/internal/services/category_service.go:92.2,92.15 1 0
github.com/vlahanam/rol-outfit/src/internal/services/category_service.go:95.109,97.16 2 0
github.com/vlahanam/rol-outfit/src/internal/services/category_service.go:97.16,99.3 1 0
github.com/vlahanam/rol-outfit/src/internal/services/category_service.go:100.2,100.21 1 0
github.com/vlahanam/rol-outfit/src/internal/services/category_service.go:100.21,102.3 1 0
github.com/vlahanam/rol-outfit/src/internal/services/category_service.go:104.2,105.21 2 0
github.com/vlahanam/rol-outfit/src/internal/services/category_service.go:105.21,108.17 3 0
github.com/vlahanam/rol-outfit/src/internal/services/category_service.go:108.17,110.4 1 0
github.com/vlahanam/rol-outfit/src/internal/services/category_service.go:111.3,111.37 1 0
github.com/vlahanam/rol-outfit/src/internal/services/category_service.go:111.37,113.4 1 0
github.com/vlahanam/rol-outfit/src/internal/services/category_service.go:114.3,115.27 2 0
github.com/vlahanam/rol-outfit/src/internal/services/category_service.go:117.2,117.28 1 0
github.com/vlahanam/rol-outfit/src/internal/services/category_service.go:117.28,119.3 1 0
github.com/vlahanam/rol-outfit/src/internal/services/category_service.go:120.2,120.23 1 0
github.com/vlahanam/rol-outfit/src/internal/services/category_service.go:120.23,122.3 1 0
github.com/vlahanam/rol-outfit/src/internal/services/category_service.go:124.2,124.22 1 0
github.com/vlahanam/rol-outfit/src/internal/services/category_service.go:124.22,126.3 1 0
github.com/vlahanam/rol-outfit/src/internal/services/category_service.go:127.2,127.47 1 0
github.com/vlahanam/rol-outfit/src/internal/services/category_service.go:130.72,132.16 2 0
github.com/vlahanam/rol-outfit/src/internal/services/category_service.go:132.16,134.3 1 0
github.com/vlahanam/rol-outfit/src/internal/services/category_service.go:135.2,135.21 1 0
github.com/vlahanam/rol-outfit/src/internal/services/category_service.go:135.21,137.3 1 0
github.com/vlahanam/rol-outfit/src/internal/services/category_service.go:138.2,138.43 1 0
github.com/vlahanam/rol-outfit/src/internal/services/order_service.go:48.16,56.2 1 1
github.com/vlahanam/rol-outfit/src/internal/services/order_service.go:58.153,60.16 2 0
github.com/vlahanam/rol-outfit/src/internal/services/order_service.go:60.16,62.3 1 0
github.com/vlahanam/rol-outfit/src/internal/services/order_service.go:64.2,68.66 3 0
github.com/vlahanam/rol-outfit/src/internal/services/order_service.go:68.66,72.17 3 0
github.com/vlahanam/rol-outfit/src/internal/services/order_service.go:72.17,74.4 1 0
github.com/vlahanam/rol-outfit/src/internal/services/order_service.go:75.3,75.26 1 0
github.com/vlahanam/rol-outfit/src/internal/services/order_service.go:75.26,77.4 1 0
github.com/vlahanam/rol-outfit/src/internal/services/order_service.go:79.3,80.34 2 0
github.com/vlahanam/rol-outfit/src/internal/services/order_service.go:80.34,82.4 1 0
github.com/vlahanam/rol-outfit/src/internal/services/order_service.go:84.3,95.32 3 0
github.com/vlahanam/rol-outfit/src/internal/services/order_service.go:95.32,104.4 1 0
github.com/vlahanam/rol-outfit/src/internal/services/order_service.go:106.3,106.56 1 0
github.com/vlahanam/rol-outfit/src/internal/services/order_service.go:106.56,108.4 1 0
github.com/vlahanam/rol-outfit/src/internal/services/order_service.go:109.3,109.66 1 0
github.com/vlahanam/rol-outfit/src/internal/services/order_service.go:109.66,111.4 1 0
github.com/vlahanam/rol-outfit/src/internal/services/order_service.go:112.3,112.40 1 0
github.com/vlahanam/rol-outfit/src/internal/services/order_service.go:114.2,114.16 1 0
github.com/vlahanam/rol-outfit/src/internal/services/order_service.go:114.16,116.3 1 0
github.com/vlahanam/rol-outfit/src/internal/services/order_service.go:118.2,118.31 1 0
github.com/vlahanam/rol-outfit/src/internal/services/order_service.go:121.136,123.16 2 0
github.com/vlahanam/rol-outfit/src/internal/services/order_service.go:123.16,125.3 1 0
github.com/vlahanam/rol-outfit/src/internal/services/order_service.go:126.2,126.18 1 0
github.com/vlahanam/rol-outfit/src/internal/services/order_service.go:126.18,128.3 1 0
github.com/vlahanam/rol-outfit/src/internal/services/order_service.go:129.2,129.40 1 0
github.com/vlahanam/rol-outfit/src/internal/services/order_service.go:129.40,131.3 1 0
github.com/vlahanam/rol-outfit/src/internal/services/order_service.go:132.2,133.16 2 0
github.com/vlahanam/rol-outfit/src/internal/services/order_service.go:133.16,135.3 1 0
github.com/vlahanam/rol-outfit/src/internal/services/order_service.go:136.2,136.26 1 0
github.com/vlahanam/rol-outfit/src/internal/services/order_service.go:139.126,141.2 1 0
github.com/vlahanam/rol-outfit/src/internal/services/order_service.go:143.123,145.2 1 0
github.com/vlahanam/rol-outfit/src/internal/services/order_service.go:147.93,149.16 2 1
github.com/vlahanam/rol-outfit/src/internal/services/order_service.go:149.16,151.3 1 0
github.com/vlahanam/rol-outfit/src/internal/services/order_service.go:152.2,152.18 1 1
github.com/vlahanam/rol-outfit/src/internal/services/order_service.go:152.18,154.3 1 0
github.com/vlahanam/rol-outfit/src/internal/services/order_service.go:155.2,155.88 1 1
github.com/vlahanam/rol-outfit/src/internal/services/order_service.go:158.136,160.16 2 1
github.com/vlahanam/rol-outfit/src/internal/services/order_service.go:160.16,162.3 1 0
github.com/vlahanam/rol-outfit/src/internal/services/order_service.go:163.2,163.18 1 1
github.com/vlahanam/rol-outfit/src/internal/services/order_service.go:163.18,165.3 1 1
github.com/vlahanam/rol-outfit/src/internal/services/order_service.go:166.2,166.28 1 1
github.com/vlahanam/rol-outfit/src/internal/services/order_service.go:166.28,168.3 1 1
github.com/vlahanam/rol-outfit/src/internal/services/order_service.go:169.2,169.49 1 1
github.com/vlahanam/rol-outfit/src/internal/services/order_service.go:169.49,171.3 1 1
github.com/vlahanam/rol-outfit/src/internal/services/order_service.go:173.2,174.32 2 1
github.com/vlahanam/rol-outfit/src/internal/services/order_service.go:174.32,176.3 1 1
github.com/vlahanam/rol-outfit/src/internal/services/order_service.go:177.2,177.22 1 1
github.com/vlahanam/rol-outfit/src/internal/services/order_service.go:177.22,179.3 1 1
github.com/vlahanam/rol-outfit/src/internal/services/order_service.go:180.2,180.21 1 1
github.com/vlahanam/rol-outfit/src/internal/services/order_service.go:180.21,182.3 1 0
github.com/vlahanam/rol-outfit/src/internal/services/order_service.go:184.2,184.22 1 1
github.com/vlahanam/rol-outfit/src/internal/services/order_service.go:184.22,186.3 1 1
github.com/vlahanam/rol-outfit/src/internal/services/order_service.go:187.2,187.54 1 1
github.com/vlahanam/rol-outfit/src/internal/services/order_service.go:190.87,192.16 2 1
github.com/vlahanam/rol-outfit/src/internal/services/order_service.go:192.16,194.3 1 0
github.com/vlahanam/rol-outfit/src/internal/services/order_service.go:195.2,195.18 1 1
github.com/vlahanam/rol-outfit/src/internal/services/order_service.go:195.18,197.3 1 0
github.com/vlahanam/rol-outfit/src/internal/services/order_service.go:198.2,198.28 1 1
github.com/vlahanam/rol-outfit/src/internal/services/order_service.go:198.28,200.3 1 0
github.com/vlahanam/rol-outfit/src/internal/services/order_service.go:201.2,201.49 1 1
github.com/vlahanam/rol-outfit/src/internal/services/order_service.go:201.49,203.3 1 1
github.com/vlahanam/rol-outfit/src/internal/services/order_service.go:204.2,204.111 1 1
github.com/vlahanam/rol-outfit/src/internal/services/product_service.go:34.76,36.2 1 0
github.com/vlahanam/rol-outfit/src/internal/services/product_service.go:38.143,40.2 1 0
github.com/vlahanam/rol-outfit/src/internal/services/product_service.go:42.149,44.2 1 0
github.com/vlahanam/rol-outfit/src/internal/services/product_service.go:46.91,48.16 2 0
github.com/vlahanam/rol-outfit/src/internal/services/product_service.go:48.16,50.3 1 0
github.com/vlahanam/rol-outfit/src/internal/services/product_service.go:51.2,51.14 1 0
github.com/vlahanam/rol-outfit/src/internal/services/product_service.go:51.14,53.3 1 0
github.com/vlahanam/rol-outfit/src/internal/services/product_service.go:54.2,54.15 1 0
github.com/vlahanam/rol-outfit/src/internal/services/product_service.go:57.108,59.16 2 0
github.com/vlahanam/rol-outfit/src/internal/services/product_service.go:59.16,61.3 1 0
github.com/vlahanam/rol-outfit/src/internal/services/product_service.go:62.2,62.15 1 0
github.com/vlahanam/rol-outfit/src/internal/services/product_service.go:62.15,64.3 1 0
github.com/vlahanam/rol-outfit/src/internal/services/product_service.go:65.2,65.16 1 0
github.com/vlahanam/rol-outfit/src/internal/services/product_service.go:68.115,70.16 2 0
github.com/vlahanam/rol-outfit/src/internal/services/product_service.go:70.16,72.3 1 0
github.com/vlahanam/rol-outfit/src/internal/services/product_service.go:74.2,75.16 2 0
github.com/vlahanam/rol-outfit/src/internal/services/product_service.go:75.16,77.3 1 0
github.com/vlahanam/rol-outfit/src/internal/services/product_service.go:78.2,78.21 1 0
github.com/vlahanam/rol-outfit/src/internal/services/product_service.go:78.21,80.3 1 0
github.com/vlahanam/rol-outfit/src/internal/services/product_service.go:82.2,96.53 2 0
github.com/vlahanam/rol-outfit/src/internal/services/product_service.go:96.53,98.3 1 0
github.com/vlahanam/rol-outfit/src/internal/services/product_service.go:99.2,99.15 1 0
github.com/vlahanam/rol-outfit/src/internal/services/product_service.go:102.107,104.16 2 0
github.com/vlahanam/rol-outfit/src/internal/services/product_service.go:104.16,106.3 1 0
github.com/vlahanam/rol-outfit/src/internal/services/product_service.go:107.2,107.21 1 0
github.com/vlahanam/rol-outfit/src/internal/services/product_service.go:107.21,109.3 1 0
github.com/vlahanam/rol-outfit/src/internal/services/product_service.go:111.2,112.21 2 0
github.com/vlahanam/rol-outfit/src/internal/services/product_service.go:112.21,115.17 3 0
github.com/vlahanam/rol-outfit/src/internal/services/product_service.go:115.17,117.4 1 0
github.com/vlahanam/rol-outfit/src/internal/services/product_service.go:118.3,118.37 1 0
github.com/vlahanam/rol-outfit/src/internal/services/product_service.go:118.37,120.4 1 0
github.com/vlahanam/rol-outfit/src/internal/services/product_service.go:121.3,122.27 2 0
github.com/vlahanam/rol-outfit/src/internal/services/product_service.go:124.2,124.27 1 0
github.com/vlahanam/rol-outfit/src/internal/services/product_service.go:124.27,126.3 1 0
github.com/vlahanam/rol-outfit/src/internal/services/product_service.go:127.2,127.29 1 0
github.com/vlahanam/rol-outfit/src/internal/services/product_service.go:127.29,129.3 1 0
github.com/vlahanam/rol-outfit/src/internal/services/product_service.go:130.2,130.28 1 0
github.com/vlahanam/rol-outfit/src/internal/services/product_service.go:130.28,132.3 1 0
github.com/vlahanam/rol-outfit/src/internal/services/product_service.go:133.2,133.23 1 0
github.com/vlahanam/rol-outfit/src/internal/services/product_service.go:133.23,135.3 1 0
github.com/vlahanam/rol-outfit/src/internal/services/product_service.go:136.2,136.31 1 0
github.com/vlahanam/rol-outfit/src/internal/services/product_service.go:136.31,138.3 1 0
github.com/vlahanam/rol-outfit/src/internal/services/product_service.go:139.2,139.23 1 0
github.com/vlahanam/rol-outfit/src/internal/services/product_service.go:139.23,141.3 1 0
github.com/vlahanam/rol-outfit/src/internal/services/product_service.go:142.2,142.32 1 0
github.com/vlahanam/rol-outfit/src/internal/services/product_service.go:142.32,146.3 3 0
github.com/vlahanam/rol-outfit/src/internal/services/product_service.go:148.2,148.22 1 0
github.com/vlahanam/rol-outfit/src/internal/services/product_service.go:148.22,150.3 1 0
github.com/vlahanam/rol-outfit/src/internal/services/product_service.go:151.2,151.46 1 0
github.com/vlahanam/rol-outfit/src/internal/services/product_service.go:154.71,156.16 2 0
github.com/vlahanam/rol-outfit/src/internal/services/product_service.go:156.16,158.3 1 0
github.com/vlahanam/rol-outfit/src/internal/services/product_service.go:159.2,159.21 1 0
github.com/vlahanam/rol-outfit/src/internal/services/product_service.go:159.21,161.3 1 0
github.com/vlahanam/rol-outfit/src/internal/services/product_service.go:162.2,162.42 1 0
github.com/vlahanam/rol-outfit/src/internal/services/product_tag_service.go:33.21,35.2 1 0
github.com/vlahanam/rol-outfit/src/internal/services/product_tag_service.go:37.98,41.28 3 0
github.com/vlahanam/rol-outfit/src/internal/services/product_tag_service.go:41.28,42.29 1 0
github.com/vlahanam/rol-outfit/src/internal/services/product_tag_service.go:42.29,45.4 2 0
github.com/vlahanam/rol-outfit/src/internal/services/product_tag_service.go:47.2,49.21 2 0
github.com/vlahanam/rol-outfit/src/internal/services/product_tag_service.go:49.21,51.3 1 0
github.com/vlahanam/rol-outfit/src/internal/services/product_tag_service.go:53.2,54.16 2 0
github.com/vlahanam/rol-outfit/src/internal/services/product_tag_service.go:54.16,56.3 1 0
github.com/vlahanam/rol-outfit/src/internal/services/product_tag_service.go:57.2,57.20 1 0
github.com/vlahanam/rol-outfit/src/internal/services/product_tag_service.go:57.20,59.3 1 0
github.com/vlahanam/rol-outfit/src/internal/services/product_tag_service.go:61.2,61.21 1 0
github.com/vlahanam/rol-outfit/src/internal/services/product_tag_service.go:61.21,63.17 2 0
github.com/vlahanam/rol-outfit/src/internal/services/product_tag_service.go:63.17,65.4 1 0
github.com/vlahanam/rol-outfit/src/internal/services/product_tag_service.go:66.3,66.32 1 0
github.com/vlahanam/rol-outfit/src/internal/services/product_tag_service.go:66.32,68.4 1 0
github.com/vlahanam/rol-outfit/src/internal/services/product_tag_service.go:71.2,71.58 1 0
github.com/vlahanam/rol-outfit/src/internal/services/product_tag_service.go:74.105,76.2 1 0
github.com/vlahanam/rol-outfit/src/internal/services/product_tag_service.go:78.102,80.2 1 0
github.com/vlahanam/rol-outfit/src/internal/services/product_variant_service.go:34.138,36.2 1 0
github.com/vlahanam/rol-outfit/src/internal/services/product_variant_service.go:39.82,40.25 1 0
github.com/vlahanam/rol-outfit/src/internal/services/product_variant_service.go:40.25,42.3 1 0
github.com/vlahanam/rol-outfit/src/internal/services/product_variant_service.go:43.2,44.52 2 0
github.com/vlahanam/rol-outfit/src/internal/services/product_variant_service.go:44.52,46.3 1 0
github.com/vlahanam/rol-outfit/src/internal/services/product_variant_service.go:47.2,48.30 2 0
github.com/vlahanam/rol-outfit/src/internal/services/product_variant_service.go:48.30,50.3 1 0
github.com/vlahanam/rol-outfit/src/internal/services/product_variant_service.go:51.2,51.33 1 0
github.com/vlahanam/rol-outfit/src/internal/services/product_variant_service.go:51.33,53.3 1 0
github.com/vlahanam/rol-outfit/src/internal/services/product_variant_service.go:54.2,54.26 1 0
github.com/vlahanam/rol-outfit/src/internal/services/product_variant_service.go:54.26,55.29 1 0
github.com/vlahanam/rol-outfit/src/internal/services/product_variant_service.go:55.29,57.4 1 0
github.com/vlahanam/rol-outfit/src/internal/services/product_variant_service.go:59.2,59.12 1 0
github.com/vlahanam/rol-outfit/src/internal/services/product_variant_service.go:62.137,64.2 1 0
github.com/vlahanam/rol-outfit/src/internal/services/product_variant_service.go:66.116,68.16 2 0
github.com/vlahanam/rol-outfit/src/internal/services/product_variant_service.go:68.16,70.3 1 0
github.com/vlahanam/rol-outfit/src/internal/services/product_variant_service.go:71.2,71.14 1 0
github.com/vlahanam/rol-outfit/src/internal/services/product_variant_service.go:71.14,73.3 1 0
github.com/vlahanam/rol-outfit/src/internal/services/product_variant_service.go:74.2,74.30 1 0
github.com/vlahanam/rol-outfit/src/internal/services/product_variant_service.go:74.30,76.3 1 0
github.com/vlahanam/rol-outfit/src/internal/services/product_variant_service.go:77.2,77.15 1 0
github.com/vlahanam/rol-outfit/src/internal/services/product_variant_service.go:80.147,82.16 2 0
github.com/vlahanam/rol-outfit/src/internal/services/product_variant_service.go:82.16,84.3 1 0
github.com/vlahanam/rol-outfit/src/internal/services/product_variant_service.go:85.2,85.20 1 0
github.com/vlahanam/rol-outfit/src/internal/services/product_variant_service.go:85.20,87.3 1 0
github.com/vlahanam/rol-outfit/src/internal/services/product_variant_service.go:88.2,88.83 1 0
github.com/vlahanam/rol-outfit/src/internal/services/product_variant_service.go:88.83,90.3 1 0
github.com/vlahanam/rol-outfit/src/internal/services/product_variant_service.go:92.2,104.53 2 0
github.com/vlahanam/rol-outfit/src/internal/services/product_variant_service.go:104.53,106.3 1 0
github.com/vlahanam/rol-outfit/src/internal/services/product_variant_service.go:107.2,107.15 1 0
github.com/vlahanam/rol-outfit/src/internal/services/product_variant_service.go:110.125,112.16 2 0
github.com/vlahanam/rol-outfit/src/internal/services/product_variant_service.go:112.16,114.3 1 0
github.com/vlahanam/rol-outfit/src/internal/services/product_variant_service.go:115.2,115.21 1 0
github.com/vlahanam/rol-outfit/src/internal/services/product_variant_service.go:115.21,117.3 1 0
github.com/vlahanam/rol-outfit/src/internal/services/product_variant_service.go:118.2,118.37 1 0
github.com/vlahanam/rol-outfit/src/internal/services/product_variant_service.go:118.37,120.3 1 0
github.com/vlahanam/rol-outfit/src/internal/services/product_variant_service.go:122.2,123.29 2 0
github.com/vlahanam/rol-outfit/src/internal/services/product_variant_service.go:123.29,125.17 2 0
github.com/vlahanam/rol-outfit/src/internal/services/product_variant_service.go:125.17,127.4 1 0
github.com/vlahanam/rol-outfit/src/internal/services/product_variant_service.go:128.3,128.21 1 0
github.com/vlahanam/rol-outfit/src/internal/services/product_variant_service.go:128.21,130.4 1 0
github.com/vlahanam/rol-outfit/src/internal/services/product_variant_service.go:131.3,131.84 1 0
github.com/vlahanam/rol-outfit/src/internal/services/product_variant_service.go:131.84,133.4 1 0
github.com/vlahanam/rol-outfit/src/internal/services/product_variant_service.go:134.3,134.40 1 0
github.com/vlahanam/rol-outfit/src/internal/services/product_variant_service.go:136.2,136.22 1 0
github.com/vlahanam/rol-outfit/src/internal/services/product_variant_service.go:136.22,138.3 1 0
github.com/vlahanam/rol-outfit/src/internal/services/product_variant_service.go:139.2,139.22 1 0
github.com/vlahanam/rol-outfit/src/internal/services/product_variant_service.go:139.22,141.3 1 0
github.com/vlahanam/rol-outfit/src/internal/services/product_variant_service.go:142.2,142.23 1 0
github.com/vlahanam/rol-outfit/src/internal/services/product_variant_service.go:142.23,144.3 1 0
github.com/vlahanam/rol-outfit/src/internal/services/product_variant_service.go:145.2,145.23 1 0
github.com/vlahanam/rol-outfit/src/internal/services/product_variant_service.go:145.23,147.3 1 0
github.com/vlahanam/rol-outfit/src/internal/services/product_variant_service.go:148.2,148.32 1 0
github.com/vlahanam/rol-outfit/src/internal/services/product_variant_service.go:148.32,152.3 3 0
github.com/vlahanam/rol-outfit/src/internal/services/product_variant_service.go:154.2,154.22 1 0
github.com/vlahanam/rol-outfit/src/internal/services/product_variant_service.go:154.22,156.3 1 0
github.com/vlahanam/rol-outfit/src/internal/services/product_variant_service.go:157.2,157.46 1 0
github.com/vlahanam/rol-outfit/src/internal/services/product_variant_service.go:160.89,162.16 2 0
github.com/vlahanam/rol-outfit/src/internal/services/product_variant_service.go:162.16,164.3 1 0
github.com/vlahanam/rol-outfit/src/internal/services/product_variant_service.go:165.2,165.21 1 0
github.com/vlahanam/rol-outfit/src/internal/services/product_variant_service.go:165.21,167.3 1 0
github.com/vlahanam/rol-outfit/src/internal/services/product_variant_service.go:168.2,168.37 1 0
github.com/vlahanam/rol-outfit/src/internal/services/product_variant_service.go:168.37,170.3 1 0
github.com/vlahanam/rol-outfit/src/internal/services/product_variant_service.go:171.2,171.38 1 0
github.com/vlahanam/rol-outfit/src/internal/services/tag_service.go:36.64,38.2 1 0
github.com/vlahanam/rol-outfit/src/internal/services/tag_service.go:40.97,42.2 1 0
github.com/vlahanam/rol-outfit/src/internal/services/tag_service.go:44.102,46.2 1 0
github.com/vlahanam/rol-outfit/src/internal/services/tag_service.go:48.83,50.16 2 0
github.com/vlahanam/rol-outfit/src/internal/services/tag_service.go:50.16,52.3 1 0
github.com/vlahanam/rol-outfit/src/internal/services/tag_service.go:53.2,53.14 1 0
github.com/vlahanam/rol-outfit/src/internal/services/tag_service.go:53.14,55.3 1 0
github.com/vlahanam/rol-outfit/src/internal/services/tag_service.go:56.2,56.15 1 0
github.com/vlahanam/rol-outfit/src/internal/services/tag_service.go:59.88,61.16 2 0
github.com/vlahanam/rol-outfit/src/internal/services/tag_service.go:61.16,63.3 1 0
github.com/vlahanam/rol-outfit/src/internal/services/tag_service.go:64.2,64.14 1 0
github.com/vlahanam/rol-outfit/src/internal/services/tag_service.go:64.14,66.3 1 0
github.com/vlahanam/rol-outfit/src/internal/services/tag_service.go:67.2,67.15 1 0
github.com/vlahanam/rol-outfit/src/internal/services/tag_service.go:70.103,71.78 1 0
github.com/vlahanam/rol-outfit/src/internal/services/tag_service.go:71.78,73.3 1 0
github.com/vlahanam/rol-outfit/src/internal/services/tag_service.go:75.2,77.16 3 0
github.com/vlahanam/rol-outfit/src/internal/services/tag_service.go:77.16,79.3 1 0
github.com/vlahanam/rol-outfit/src/internal/services/tag_service.go:80.2,80.21 1 0
github.com/vlahanam/rol-outfit/src/internal/services/tag_service.go:80.21,82.3 1 0
github.com/vlahanam/rol-outfit/src/internal/services/tag_service.go:84.2,91.49 2 0
github.com/vlahanam/rol-outfit/src/internal/services/tag_service.go:91.49,93.3 1 0
github.com/vlahanam/rol-outfit/src/internal/services/tag_service.go:94.2,94.15 1 0
github.com/vlahanam/rol-outfit/src/internal/services/tag_service.go:97.99,99.16 2 0
github.com/vlahanam/rol-outfit/src/internal/services/tag_service.go:99.16,101.3 1 0
github.com/vlahanam/rol-outfit/src/internal/services/tag_service.go:102.2,102.21 1 0
github.com/vlahanam/rol-outfit/src/internal/services/tag_service.go:102.21,104.3 1 0
github.com/vlahanam/rol-outfit/src/internal/services/tag_service.go:106.2,108.24 3 0
github.com/vlahanam/rol-outfit/src/internal/services/tag_service.go:108.24,110.3 1 0
github.com/vlahanam/rol-outfit/src/internal/services/tag_service.go:111.2,111.22 1 0
github.com/vlahanam/rol-outfit/src/internal/services/tag_service.go:111.22,113.3 1 0
github.com/vlahanam/rol-outfit/src/internal/services/tag_service.go:114.2,114.62 1 0
github.com/vlahanam/rol-outfit/src/internal/services/tag_service.go:114.62,116.3 1 0
github.com/vlahanam/rol-outfit/src/internal/services/tag_service.go:118.2,119.21 2 0
github.com/vlahanam/rol-outfit/src/internal/services/tag_service.go:119.21,122.17 3 0
github.com/vlahanam/rol-outfit/src/internal/services/tag_service.go:122.17,124.4 1 0
github.com/vlahanam/rol-outfit/src/internal/services/tag_service.go:125.3,125.37 1 0
github.com/vlahanam/rol-outfit/src/internal/services/tag_service.go:125.37,127.4 1 0
github.com/vlahanam/rol-outfit/src/internal/services/tag_service.go:128.3,129.27 2 0
github.com/vlahanam/rol-outfit/src/internal/services/tag_service.go:131.2,131.24 1 0
github.com/vlahanam/rol-outfit/src/internal/services/tag_service.go:131.24,133.3 1 0
github.com/vlahanam/rol-outfit/src/internal/services/tag_service.go:134.2,134.22 1 0
github.com/vlahanam/rol-outfit/src/internal/services/tag_service.go:134.22,136.3 1 0
github.com/vlahanam/rol-outfit/src/internal/services/tag_service.go:138.2,138.58 1 0
github.com/vlahanam/rol-outfit/src/internal/services/tag_service.go:138.58,139.47 1 0
github.com/vlahanam/rol-outfit/src/internal/services/tag_service.go:139.47,141.4 1 0
github.com/vlahanam/rol-outfit/src/internal/services/tag_service.go:142.3,142.53 1 0
github.com/vlahanam/rol-outfit/src/internal/services/tag_service.go:144.2,144.12 1 0
github.com/vlahanam/rol-outfit/src/internal/services/tag_service.go:147.67,149.16 2 0
github.com/vlahanam/rol-outfit/src/internal/services/tag_service.go:149.16,151.3 1 0
github.com/vlahanam/rol-outfit/src/internal/services/tag_service.go:152.2,152.21 1 0
github.com/vlahanam/rol-outfit/src/internal/services/tag_service.go:152.21,154.3 1 0
github.com/vlahanam/rol-outfit/src/internal/services/tag_service.go:155.2,155.50 1 0
github.com/vlahanam/rol-outfit/src/internal/services/tag_service.go:155.50,156.47 1 0
github.com/vlahanam/rol-outfit/src/internal/services/tag_service.go:156.47,158.4 1 0
github.com/vlahanam/rol-outfit/src/internal/services/tag_service.go:159.3,159.53 1 0
github.com/vlahanam/rol-outfit/src/internal/services/tag_service.go:161.2,161.12 1 0
github.com/vlahanam/rol-outfit/src/internal/services/upload_service.go:39.66,41.2 1 0
github.com/vlahanam/rol-outfit/src/internal/services/upload_service.go:43.87,44.23 1 0
github.com/vlahanam/rol-outfit/src/internal/services/upload_service.go:44.23,46.3 1 0
github.com/vlahanam/rol-outfit/src/internal/services/upload_service.go:48.2,49.16 2 0
github.com/vlahanam/rol-outfit/src/internal/services/upload_service.go:49.16,51.3 1 0
github.com/vlahanam/rol-outfit/src/internal/services/upload_service.go:52.2,57.33 4 0
github.com/vlahanam/rol-outfit/src/internal/services/upload_service.go:57.33,59.3 1 0
github.com/vlahanam/rol-outfit/src/internal/services/upload_service.go:60.2,62.9 3 0
github.com/vlahanam/rol-outfit/src/internal/services/upload_service.go:62.9,64.3 1 0
github.com/vlahanam/rol-outfit/src/internal/services/upload_service.go:65.2,65.53 1 0
github.com/vlahanam/rol-outfit/src/internal/services/upload_service.go:65.53,67.3 1 0
github.com/vlahanam/rol-outfit/src/internal/services/upload_service.go:69.2,69.56 1 0
github.com/vlahanam/rol-outfit/src/internal/services/upload_service.go:69.56,71.3 1 0
github.com/vlahanam/rol-outfit/src/internal/services/upload_service.go:73.2,77.16 4 0
github.com/vlahanam/rol-outfit/src/internal/services/upload_service.go:77.16,79.3 1 0
github.com/vlahanam/rol-outfit/src/internal/services/upload_service.go:82.2,83.15 2 0
github.com/vlahanam/rol-outfit/src/internal/services/upload_service.go:83.15,85.15 2 0
github.com/vlahanam/rol-outfit/src/internal/services/upload_service.go:85.15,87.4 1 0
github.com/vlahanam/rol-outfit/src/internal/services/upload_service.go:90.2,90.45 1 0
github.com/vlahanam/rol-outfit/src/internal/services/upload_service.go:90.45,92.3 1 0
github.com/vlahanam/rol-outfit/src/internal/services/upload_service.go:94.2,95.42 2 0
github.com/vlahanam/rol-outfit/src/internal/services/upload_service.go:98.55,99.42 1 0
github.com/vlahanam/rol-outfit/src/internal/services/upload_service.go:99.42,101.3 1 0
github.com/vlahanam/rol-outfit/src/internal/services/upload_service.go:102.2,104.84 2 0
github.com/vlahanam/rol-outfit/src/internal/services/upload_service.go:104.84,106.3 1 0
github.com/vlahanam/rol-outfit/src/internal/services/upload_service.go:107.2,107.40 1 0
github.com/vlahanam/rol-outfit/src/internal/services/upload_service.go:107.40,108.25 1 0
github.com/vlahanam/rol-outfit/src/internal/services/upload_service.go:108.25,110.4 1 0
github.com/vlahanam/rol-outfit/src/internal/services/upload_service.go:111.3,111.44 1 0
github.com/vlahanam/rol-outfit/src/internal/services/upload_service.go:113.2,113.12 1 0
github.com/vlahanam/rol-outfit/src/internal/services/user_address_service.go:32.88,34.2 1 0
github.com/vlahanam/rol-outfit/src/internal/services/user_address_service.go:36.102,38.2 1 0
github.com/vlahanam/rol-outfit/src/internal/services/user_address_service.go:40.138,48.65 2 0
github.com/vlahanam/rol-outfit/src/internal/services/user_address_service.go:48.65,49.58 1 0
github.com/vlahanam/rol-outfit/src/internal/services/user_address_service.go:49.58,51.4 1 0
github.com/vlahanam/rol-outfit/src/internal/services/user_address_service.go:52.3,52.62 1 0
github.com/vlahanam/rol-outfit/src/internal/services/user_address_service.go:54.2,54.21 1 0
github.com/vlahanam/rol-outfit/src/internal/services/user_address_service.go:57.126,58.66 1 0
github.com/vlahanam/rol-outfit/src/internal/services/user_address_service.go:58.66,60.3 1 0
github.com/vlahanam/rol-outfit/src/internal/services/user_address_service.go:62.2,63.30 2 0
github.com/vlahanam/rol-outfit/src/internal/services/user_address_service.go:63.30,65.3 1 0
github.com/vlahanam/rol-outfit/src/internal/services/user_address_service.go:66.2,66.22 1 0
github.com/vlahanam/rol-outfit/src/internal/services/user_address_service.go:66.22,68.3 1 0
github.com/vlahanam/rol-outfit/src/internal/services/user_address_service.go:69.2,69.24 1 0
github.com/vlahanam/rol-outfit/src/internal/services/user_address_service.go:69.24,71.3 1 0
github.com/vlahanam/rol-outfit/src/internal/services/user_address_service.go:73.2,73.22 1 0
github.com/vlahanam/rol-outfit/src/internal/services/user_address_service.go:73.22,75.3 1 0
github.com/vlahanam/rol-outfit/src/internal/services/user_address_service.go:77.2,77.53 1 0
github.com/vlahanam/rol-outfit/src/internal/services/user_address_service.go:80.90,82.16 2 0
github.com/vlahanam/rol-outfit/src/internal/services/user_address_service.go:82.16,84.3 1 0
github.com/vlahanam/rol-outfit/src/internal/services/user_address_service.go:85.2,85.20 1 0
github.com/vlahanam/rol-outfit/src/internal/services/user_address_service.go:85.20,87.3 1 0
github.com/vlahanam/rol-outfit/src/internal/services/user_address_service.go:88.2,88.30 1 0
github.com/vlahanam/rol-outfit/src/internal/services/user_address_service.go:88.30,90.3 1 0
github.com/vlahanam/rol-outfit/src/internal/services/user_address_service.go:92.2,92.23 1 0
github.com/vlahanam/rol-outfit/src/internal/services/user_address_service.go:92.23,94.17 2 0
github.com/vlahanam/rol-outfit/src/internal/services/user_address_service.go:94.17,96.4 1 0
github.com/vlahanam/rol-outfit/src/internal/services/user_address_service.go:97.3,97.16 1 0
github.com/vlahanam/rol-outfit/src/internal/services/user_address_service.go:97.16,99.4 1 0
github.com/vlahanam/rol-outfit/src/internal/services/user_address_service.go:102.2,102.49 1 0
github.com/vlahanam/rol-outfit/src/internal/services/user_address_service.go:105.94,106.66 1 0
github.com/vlahanam/rol-outfit/src/internal/services/user_address_service.go:106.66,108.3 1 0
github.com/vlahanam/rol-outfit/src/internal/services/user_address_service.go:109.2,109.57 1 0
github.com/vlahanam/rol-outfit/src/internal/services/user_address_service.go:112.99,114.16 2 0
github.com/vlahanam/rol-outfit/src/internal/services/user_address_service.go:114.16,116.3 1 0
github.com/vlahanam/rol-outfit/src/internal/services/user_address_service.go:117.2,117.20 1 0
github.com/vlahanam/rol-outfit/src/internal/services/user_address_service.go:117.20,119.3 1 0
github.com/vlahanam/rol-outfit/src/internal/services/user_address_service.go:120.2,120.30 1 0
github.com/vlahanam/rol-outfit/src/internal/services/user_address_service.go:120.30,122.3 1 0
github.com/vlahanam/rol-outfit/src/internal/services/user_address_service.go:123.2,123.12 1 0
github.com/vlahanam/rol-outfit/src/internal/services/user_service.go:34.67,36.2 1 0
github.com/vlahanam/rol-outfit/src/internal/services/user_service.go:38.111,40.16 2 0
github.com/vlahanam/rol-outfit/src/internal/services/user_service.go:40.16,42.3 1 0
github.com/vlahanam/rol-outfit/src/internal/services/user_service.go:43.2,43.21 1 0
github.com/vlahanam/rol-outfit/src/internal/services/user_service.go:43.21,45.3 1 0
github.com/vlahanam/rol-outfit/src/internal/services/user_service.go:47.2,47.21 1 0
github.com/vlahanam/rol-outfit/src/internal/services/user_service.go:47.21,49.17 2 0
github.com/vlahanam/rol-outfit/src/internal/services/user_service.go:49.17,51.4 1 0
github.com/vlahanam/rol-outfit/src/internal/services/user_service.go:52.3,52.24 1 0
github.com/vlahanam/rol-outfit/src/internal/services/user_service.go:52.24,54.4 1 0
github.com/vlahanam/rol-outfit/src/internal/services/user_service.go:57.2,58.16 2 0
github.com/vlahanam/rol-outfit/src/internal/services/user_service.go:58.16,60.3 1 0
github.com/vlahanam/rol-outfit/src/internal/services/user_service.go:62.2,63.21 2 0
github.com/vlahanam/rol-outfit/src/internal/services/user_service.go:63.21,65.3 1 0
github.com/vlahanam/rol-outfit/src/internal/services/user_service.go:66.2,67.23 2 0
github.com/vlahanam/rol-outfit/src/internal/services/user_service.go:67.23,69.3 1 0
github.com/vlahanam/rol-outfit/src/internal/services/user_service.go:71.2,80.49 2 0
github.com/vlahanam/rol-outfit/src/internal/services/user_service.go:80.49,81.53 1 0
github.com/vlahanam/rol-outfit/src/internal/services/user_service.go:81.53,83.4 1 0
github.com/vlahanam/rol-outfit/src/internal/services/user_service.go:84.3,84.53 1 0
github.com/vlahanam/rol-outfit/src/internal/services/user_service.go:84.53,86.4 1 0
github.com/vlahanam/rol-outfit/src/internal/services/user_service.go:87.3,87.59 1 0
github.com/vlahanam/rol-outfit/src/internal/services/user_service.go:89.2,89.18 1 0
github.com/vlahanam/rol-outfit/src/internal/services/user_service.go:92.99,94.2 1 0
github.com/vlahanam/rol-outfit/src/internal/services/user_service.go:96.85,98.16 2 0
github.com/vlahanam/rol-outfit/src/internal/services/user_service.go:98.16,100.3 1 0
github.com/vlahanam/rol-outfit/src/internal/services/user_service.go:101.2,101.14 1 0
github.com/vlahanam/rol-outfit/src/internal/services/user_service.go:101.14,103.3 1 0
github.com/vlahanam/rol-outfit/src/internal/services/user_service.go:104.2,104.15 1 0
github.com/vlahanam/rol-outfit/src/internal/services/user_service.go:107.101,109.16 2 0
github.com/vlahanam/rol-outfit/src/internal/services/user_service.go:109.16,111.3 1 0
github.com/vlahanam/rol-outfit/src/internal/services/user_service.go:112.2,112.21 1 0
github.com/vlahanam/rol-outfit/src/internal/services/user_service.go:112.21,114.3 1 0
github.com/vlahanam/rol-outfit/src/internal/services/user_service.go:117.2,117.54 1 0
github.com/vlahanam/rol-outfit/src/internal/services/user_service.go:117.54,119.17 2 0
github.com/vlahanam/rol-outfit/src/internal/services/user_service.go:119.17,121.4 1 0
github.com/vlahanam/rol-outfit/src/internal/services/user_service.go:122.3,122.19 1 0
github.com/vlahanam/rol-outfit/src/internal/services/user_service.go:122.19,124.4 1 0
github.com/vlahanam/rol-outfit/src/internal/services/user_service.go:128.2,128.74 1 0
github.com/vlahanam/rol-outfit/src/internal/services/user_service.go:128.74,130.17 2 0
github.com/vlahanam/rol-outfit/src/internal/services/user_service.go:130.17,132.4 1 0
github.com/vlahanam/rol-outfit/src/internal/services/user_service.go:133.3,133.24 1 0
github.com/vlahanam/rol-outfit/src/internal/services/user_service.go:133.24,135.4 1 0
github.com/vlahanam/rol-outfit/src/internal/services/user_service.go:138.2,139.25 2 0
github.com/vlahanam/rol-outfit/src/internal/services/user_service.go:139.25,141.3 1 0
github.com/vlahanam/rol-outfit/src/internal/services/user_service.go:142.2,142.22 1 0
github.com/vlahanam/rol-outfit/src/internal/services/user_service.go:142.22,144.3 1 0
github.com/vlahanam/rol-outfit/src/internal/services/user_service.go:145.2,145.22 1 0
github.com/vlahanam/rol-outfit/src/internal/services/user_service.go:145.22,147.3 1 0
github.com/vlahanam/rol-outfit/src/internal/services/user_service.go:148.2,148.21 1 0
github.com/vlahanam/rol-outfit/src/internal/services/user_service.go:148.21,150.3 1 0
github.com/vlahanam/rol-outfit/src/internal/services/user_service.go:151.2,151.23 1 0
github.com/vlahanam/rol-outfit/src/internal/services/user_service.go:151.23,153.3 1 0
github.com/vlahanam/rol-outfit/src/internal/services/user_service.go:155.2,155.22 1 0
github.com/vlahanam/rol-outfit/src/internal/services/user_service.go:155.22,157.3 1 0
github.com/vlahanam/rol-outfit/src/internal/services/user_service.go:158.2,158.55 1 0
github.com/vlahanam/rol-outfit/src/internal/services/user_service.go:158.55,159.47 1 0
github.com/vlahanam/rol-outfit/src/internal/services/user_service.go:159.47,161.4 1 0
github.com/vlahanam/rol-outfit/src/internal/services/user_service.go:162.3,162.53 1 0
github.com/vlahanam/rol-outfit/src/internal/services/user_service.go:162.53,164.4 1 0
github.com/vlahanam/rol-outfit/src/internal/services/user_service.go:165.3,165.53 1 0
github.com/vlahanam/rol-outfit/src/internal/services/user_service.go:165.53,167.4 1 0
github.com/vlahanam/rol-outfit/src/internal/services/user_service.go:168.3,168.54 1 0
github.com/vlahanam/rol-outfit/src/internal/services/user_service.go:170.2,170.12 1 0
github.com/vlahanam/rol-outfit/src/internal/services/user_service.go:173.101,175.16 2 0
github.com/vlahanam/rol-outfit/src/internal/services/user_service.go:175.16,177.3 1 0
github.com/vlahanam/rol-outfit/src/internal/services/user_service.go:178.2,178.21 1 0
github.com/vlahanam/rol-outfit/src/internal/services/user_service.go:178.21,180.3 1 0
github.com/vlahanam/rol-outfit/src/internal/services/user_service.go:182.2,183.25 2 0
github.com/vlahanam/rol-outfit/src/internal/services/user_service.go:183.25,185.3 1 0
github.com/vlahanam/rol-outfit/src/internal/services/user_service.go:186.2,186.22 1 0
github.com/vlahanam/rol-outfit/src/internal/services/user_service.go:186.22,188.3 1 0
github.com/vlahanam/rol-outfit/src/internal/services/user_service.go:190.2,190.22 1 0
github.com/vlahanam/rol-outfit/src/internal/services/user_service.go:190.22,192.3 1 0
github.com/vlahanam/rol-outfit/src/internal/services/user_service.go:193.2,193.39 1 0
github.com/vlahanam/rol-outfit/src/internal/services/user_service.go:196.68,198.16 2 0
github.com/vlahanam/rol-outfit/src/internal/services/user_service.go:198.16,200.3 1 0
github.com/vlahanam/rol-outfit/src/internal/services/user_service.go:201.2,201.21 1 0
github.com/vlahanam/rol-outfit/src/internal/services/user_service.go:201.21,203.3 1 0
github.com/vlahanam/rol-outfit/src/internal/services/user_service.go:204.2,204.35 1 0
github.com/vlahanam/rol-outfit/src/internal/services/widget_service.go:30.73,32.2 1 0
github.com/vlahanam/rol-outfit/src/internal/services/widget_service.go:34.121,36.2 1 0
github.com/vlahanam/rol-outfit/src/internal/services/widget_service.go:38.126,40.2 1 0
github.com/vlahanam/rol-outfit/src/internal/services/widget_service.go:42.89,44.16 2 0
github.com/vlahanam/rol-outfit/src/internal/services/widget_service.go:44.16,46.3 1 0
github.com/vlahanam/rol-outfit/src/internal/services/widget_service.go:47.2,47.14 1 0
github.com/vlahanam/rol-outfit/src/internal/services/widget_service.go:47.14,49.3 1 0
github.com/vlahanam/rol-outfit/src/internal/services/widget_service.go:50.2,50.15 1 0
github.com/vlahanam/rol-outfit/src/internal/services/widget_service.go:53.94,55.16 2 0
github.com/vlahanam/rol-outfit/src/internal/services/widget_service.go:55.16,57.3 1 0
github.com/vlahanam/rol-outfit/src/internal/services/widget_service.go:58.2,58.14 1 0
github.com/vlahanam/rol-outfit/src/internal/services/widget_service.go:58.14,60.3 1 0
github.com/vlahanam/rol-outfit/src/internal/services/widget_service.go:61.2,61.15 1 0
github.com/vlahanam/rol-outfit/src/internal/services/widget_service.go:64.112,66.25 2 0
github.com/vlahanam/rol-outfit/src/internal/services/widget_service.go:66.25,68.17 2 0
github.com/vlahanam/rol-outfit/src/internal/services/widget_service.go:68.17,70.4 1 0
github.com/vlahanam/rol-outfit/src/internal/services/widget_service.go:71.3,71.20 1 0
github.com/vlahanam/rol-outfit/src/internal/services/widget_service.go:71.20,73.4 1 0
github.com/vlahanam/rol-outfit/src/internal/services/widget_service.go:74.3,74.27 1 0
github.com/vlahanam/rol-outfit/src/internal/services/widget_service.go:77.2,78.16 2 0
github.com/vlahanam/rol-outfit/src/internal/services/widget_service.go:78.16,80.3 1 0
github.com/vlahanam/rol-outfit/src/internal/services/widget_service.go:82.2,93.52 2 0
github.com/vlahanam/rol-outfit/src/internal/services/widget_service.go:93.52,95.3 1 0
github.com/vlahanam/rol-outfit/src/internal/services/widget_service.go:96.2,96.15 1 0
github.com/vlahanam/rol-outfit/src/internal/services/widget_service.go:99.105,101.16 2 0
github.com/vlahanam/rol-outfit/src/internal/services/widget_service.go:101.16,103.3 1 0
github.com/vlahanam/rol-outfit/src/internal/services/widget_service.go:104.2,104.21 1 0
github.com/vlahanam/rol-outfit/src/internal/services/widget_service.go:104.21,106.3 1 0
github.com/vlahanam/rol-outfit/src/internal/services/widget_service.go:108.2,109.21 2 0
github.com/vlahanam/rol-outfit/src/internal/services/widget_service.go:109.21,111.3 1 0
github.com/vlahanam/rol-outfit/src/internal/services/widget_service.go:112.2,112.21 1 0
github.com/vlahanam/rol-outfit/src/internal/services/widget_service.go:112.21,114.3 1 0
github.com/vlahanam/rol-outfit/src/internal/services/widget_service.go:115.2,115.29 1 0
github.com/vlahanam/rol-outfit/src/internal/services/widget_service.go:115.29,117.3 1 0
github.com/vlahanam/rol-outfit/src/internal/services/widget_service.go:118.2,118.23 1 0
github.com/vlahanam/rol-outfit/src/internal/services/widget_service.go:118.23,120.3 1 0
github.com/vlahanam/rol-outfit/src/internal/services/widget_service.go:121.2,121.25 1 0
github.com/vlahanam/rol-outfit/src/internal/services/widget_service.go:121.25,123.3 1 0
github.com/vlahanam/rol-outfit/src/internal/services/widget_service.go:124.2,124.25 1 0
github.com/vlahanam/rol-outfit/src/internal/services/widget_service.go:124.25,126.3 1 0
github.com/vlahanam/rol-outfit/src/internal/services/widget_service.go:128.2,128.22 1 0
github.com/vlahanam/rol-outfit/src/internal/services/widget_service.go:128.22,130.3 1 0
github.com/vlahanam/rol-outfit/src/internal/services/widget_service.go:131.2,131.45 1 0
github.com/vlahanam/rol-outfit/src/internal/services/widget_service.go:134.70,136.16 2 0
github.com/vlahanam/rol-outfit/src/internal/services/widget_service.go:136.16,138.3 1 0
github.com/vlahanam/rol-outfit/src/internal/services/widget_service.go:139.2,139.21 1 0
github.com/vlahanam/rol-outfit/src/internal/services/widget_service.go:139.21,141.3 1 0
github.com/vlahanam/rol-outfit/src/internal/services/widget_service.go:142.2,142.37 1 0
github.com/vlahanam/rol-outfit/src/internal/requests/auth_request.go:14.38,16.2 1 0
github.com/vlahanam/rol-outfit/src/internal/requests/auth_request.go:33.43,41.48 1 0
github.com/vlahanam/rol-outfit/src/internal/requests/auth_request.go:41.48,42.48 1 0
github.com/vlahanam/rol-outfit/src/internal/requests/auth_request.go:42.48,44.6 1 0
github.com/vlahanam/rol-outfit/src/internal/requests/auth_request.go:45.5,45.15 1 0
github.com/vlahanam/rol-outfit/src/internal/requests/auth_request.go:60.40,64.48 1 0
github.com/vlahanam/rol-outfit/src/internal/requests/auth_request.go:64.48,65.48 1 0
github.com/vlahanam/rol-outfit/src/internal/requests/auth_request.go:65.48,67.6 1 0
github.com/vlahanam/rol-outfit/src/internal/requests/auth_request.go:68.5,68.15 1 0
github.com/vlahanam/rol-outfit/src/internal/requests/auth_request.go:82.42,88.2 1 0
github.com/vlahanam/rol-outfit/src/internal/requests/cart_request.go:11.46,20.2 1 0
github.com/vlahanam/rol-outfit/src/internal/requests/cart_request.go:26.49,32.2 1 0
github.com/vlahanam/rol-outfit/src/internal/requests/category_request.go:10.49,17.2 1 0
github.com/vlahanam/rol-outfit/src/internal/requests/category_request.go:25.49,26.19 1 0
github.com/vlahanam/rol-outfit/src/internal/requests/category_request.go:26.19,29.17 1 0
github.com/vlahanam/rol-outfit/src/internal/requests/category_request.go:29.17,31.4 1 0
github.com/vlahanam/rol-outfit/src/internal/requests/category_request.go:33.2,33.12 1 0
github.com/vlahanam/rol-outfit/src/internal/requests/order_request.go:11.46,21.2 1 0
github.com/vlahanam/rol-outfit/src/internal/requests/order_request.go:27.52,35.2 1 0
github.com/vlahanam/rol-outfit/src/internal/requests/order_request.go:43.54,44.20 1 0
github.com/vlahanam/rol-outfit/src/internal/requests/order_request.go:44.20,47.17 1 0
github.com/vlahanam/rol-outfit/src/internal/requests/order_request.go:47.17,49.4 1 0
github.com/vlahanam/rol-outfit/src/internal/requests/order_request.go:51.2,51.12 1 0
github.com/vlahanam/rol-outfit/src/internal/requests/product_request.go:9.58,10.55 1 0
github.com/vlahanam/rol-outfit/src/internal/requests/product_request.go:10.55,12.3 1 0
github.com/vlahanam/rol-outfit/src/internal/requests/product_request.go:13.2,13.12 1 0
github.com/vlahanam/rol-outfit/src/internal/requests/product_request.go:28.48,47.16 1 0
github.com/vlahanam/rol-outfit/src/internal/requests/product_request.go:47.16,49.3 1 0
github.com/vlahanam/rol-outfit/src/internal/requests/product_request.go:50.2,50.67 1 0
github.com/vlahanam/rol-outfit/src/internal/requests/product_request.go:66.48,67.19 1 0
github.com/vlahanam/rol-outfit/src/internal/requests/product_request.go:67.19,70.17 1 0
github.com/vlahanam/rol-outfit/src/internal/requests/product_request.go:70.17,72.4 1 0
github.com/vlahanam/rol-outfit/src/internal/requests/product_request.go:74.2,74.27 1 0
github.com/vlahanam/rol-outfit/src/internal/requests/product_request.go:74.27,77.17 1 0
github.com/vlahanam/rol-outfit/src/internal/requests/product_request.go:77.17,79.4 1 0
github.com/vlahanam/rol-outfit/src/internal/requests/product_request.go:81.2,81.30 1 0
github.com/vlahanam/rol-outfit/src/internal/requests/product_request.go:81.30,85.17 1 0
github.com/vlahanam/rol-outfit/src/internal/requests/product_request.go:85.17,87.4 1 0
github.com/vlahanam/rol-outfit/src/internal/requests/product_request.go:88.3,88.84 1 0
github.com/vlahanam/rol-outfit/src/internal/requests/product_request.go:88.84,90.4 1 0
github.com/vlahanam/rol-outfit/src/internal/requests/product_request.go:92.2,92.12 1 0
github.com/vlahanam/rol-outfit/src/internal/requests/product_tag_request.go:9.52,13.2 1 0
github.com/vlahanam/rol-outfit/src/internal/requests/product_variant_request.go:10.65,11.55 1 0
github.com/vlahanam/rol-outfit/src/internal/requests/product_variant_request.go:11.55,13.3 1 0
github.com/vlahanam/rol-outfit/src/internal/requests/product_variant_request.go:14.2,14.12 1 0
github.com/vlahanam/rol-outfit/src/internal/requests/product_variant_request.go:27.48,43.16 1 0
github.com/vlahanam/rol-outfit/src/internal/requests/product_variant_request.go:43.16,45.3 1 0
github.com/vlahanam/rol-outfit/src/internal/requests/product_variant_request.go:46.2,46.74 1 0
github.com/vlahanam/rol-outfit/src/internal/requests/product_variant_request.go:60.48,61.27 1 0
github.com/vlahanam/rol-outfit/src/internal/requests/product_variant_request.go:61.27,64.17 1 0
github.com/vlahanam/rol-outfit/src/internal/requests/product_variant_request.go:64.17,66.4 1 0
github.com/vlahanam/rol-outfit/src/internal/requests/product_variant_request.go:68.2,68.20 1 0
github.com/vlahanam/rol-outfit/src/internal/requests/product_variant_request.go:68.20,71.17 1 0
github.com/vlahanam/rol-outfit/src/internal/requests/product_variant_request.go:71.17,73.4 1 0
github.com/vlahanam/rol-outfit/src/internal/requests/product_variant_request.go:75.2,75.20 1 0
github.com/vlahanam/rol-outfit/src/internal/requests/product_variant_request.go:75.20,78.17 1 0
github.com/vlahanam/rol-outfit/src/internal/requests/product_variant_request.go:78.17,80.4 1 0
github.com/vlahanam/rol-outfit/src/internal/requests/product_variant_request.go:82.2,82.30 1 0
github.com/vlahanam/rol-outfit/src/internal/requests/product_variant_request.go:82.30,86.17 1 0
github.com/vlahanam/rol-outfit/src/internal/requests/product_variant_request.go:86.17,88.4 1 0
github.com/vlahanam/rol-outfit/src/internal/requests/product_variant_request.go:89.3,89.91 1 0
github.com/vlahanam/rol-outfit/src/internal/requests/product_variant_request.go:89.91,91.4 1 0
github.com/vlahanam/rol-outfit/src/internal/requests/product_variant_request.go:93.2,93.12 1 0
github.com/vlahanam/rol-outfit/src/internal/requests/product_variant_request.go:97.66,98.35 1 0
github.com/vlahanam/rol-outfit/src/internal/requests/product_variant_request.go:98.35,99.20 1 0
github.com/vlahanam/rol-outfit/src/internal/requests/product_variant_request.go:99.20,101.4 1 0
github.com/vlahanam/rol-outfit/src/internal/requests/product_variant_request.go:102.3,103.51 2 0
github.com/vlahanam/rol-outfit/src/internal/requests/product_variant_request.go:103.51,105.4 1 0
github.com/vlahanam/rol-outfit/src/internal/requests/product_variant_request.go:106.3,106.13 1 0
github.com/vlahanam/rol-outfit/src/internal/requests/tag_request.go:15.44,22.2 1 0
github.com/vlahanam/rol-outfit/src/internal/requests/tag_request.go:30.44,31.19 1 0
github.com/vlahanam/rol-outfit/src/internal/requests/tag_request.go:31.19,34.17 1 0
github.com/vlahanam/rol-outfit/src/internal/requests/tag_request.go:34.17,36.4 1 0
github.com/vlahanam/rol-outfit/src/internal/requests/tag_request.go:38.2,38.12 1 0
github.com/vlahanam/rol-outfit/src/internal/requests/user_address_request.go:13.48,28.2 1 0
github.com/vlahanam/rol-outfit/src/internal/requests/user_address_request.go:36.48,50.2 1 0
github.com/vlahanam/rol-outfit/src/internal/requests/user_request.go:20.50,28.48 1 0
github.com/vlahanam/rol-outfit/src/internal/requests/user_request.go:28.48,29.48 1 0
github.com/vlahanam/rol-outfit/src/internal/requests/user_request.go:29.48,31.6 1 0
github.com/vlahanam/rol-outfit/src/internal/requests/user_request.go:32.5,32.15 1 0
github.com/vlahanam/rol-outfit/src/internal/requests/user_request.go:43.44,44.22 1 0
github.com/vlahanam/rol-outfit/src/internal/requests/user_request.go:44.22,46.6 1 0
github.com/vlahanam/rol-outfit/src/internal/requests/user_request.go:47.5,47.82 1 0
github.com/vlahanam/rol-outfit/src/internal/requests/user_request.go:47.82,49.6 1 0
github.com/vlahanam/rol-outfit/src/internal/requests/user_request.go:50.5,50.15 1 0
github.com/vlahanam/rol-outfit/src/internal/requests/user_request.go:54.44,55.24 1 0
github.com/vlahanam/rol-outfit/src/internal/requests/user_request.go:55.24,57.6 1 0
github.com/vlahanam/rol-outfit/src/internal/requests/user_request.go:58.5,58.89 1 0
github.com/vlahanam/rol-outfit/src/internal/requests/user_request.go:58.89,60.6 1 0
github.com/vlahanam/rol-outfit/src/internal/requests/user_request.go:61.5,61.15 1 0
github.com/vlahanam/rol-outfit/src/internal/requests/user_request.go:76.45,77.23 1 0
github.com/vlahanam/rol-outfit/src/internal/requests/user_request.go:77.23,80.17 1 0
github.com/vlahanam/rol-outfit/src/internal/requests/user_request.go:80.17,82.4 1 0
github.com/vlahanam/rol-outfit/src/internal/requests/user_request.go:84.2,84.20 1 0
github.com/vlahanam/rol-outfit/src/internal/requests/user_request.go:84.20,86.48 1 0
github.com/vlahanam/rol-outfit/src/internal/requests/user_request.go:86.48,87.48 1 0
github.com/vlahanam/rol-outfit/src/internal/requests/user_request.go:87.48,89.6 1 0
github.com/vlahanam/rol-outfit/src/internal/requests/user_request.go:90.5,90.15 1 0
github.com/vlahanam/rol-outfit/src/internal/requests/user_request.go:92.17,94.4 1 0
github.com/vlahanam/rol-outfit/src/internal/requests/user_request.go:96.2,96.20 1 0
github.com/vlahanam/rol-outfit/src/internal/requests/user_request.go:96.20,99.17 1 0
github.com/vlahanam/rol-outfit/src/internal/requests/user_request.go:99.17,101.4 1 0
github.com/vlahanam/rol-outfit/src/internal/requests/user_request.go:103.2,103.19 1 0
github.com/vlahanam/rol-outfit/src/internal/requests/user_request.go:103.19,104.80 1 0
github.com/vlahanam/rol-outfit/src/internal/requests/user_request.go:104.80,106.4 1 0
github.com/vlahanam/rol-outfit/src/internal/requests/user_request.go:108.2,108.21 1 0
github.com/vlahanam/rol-outfit/src/internal/requests/user_request.go:108.21,109.87 1 0
github.com/vlahanam/rol-outfit/src/internal/requests/user_request.go:109.87,111.4 1 0
github.com/vlahanam/rol-outfit/src/internal/requests/user_request.go:113.2,113.12 1 0
github.com/vlahanam/rol-outfit/src/internal/requests/user_request.go:122.43,123.23 1 0
github.com/vlahanam/rol-outfit/src/internal/requests/user_request.go:123.23,126.17 1 0
github.com/vlahanam/rol-outfit/src/internal/requests/user_request.go:126.17,128.4 1 0
github.com/vlahanam/rol-outfit/src/internal/requests/user_request.go:130.2,130.20 1 0
github.com/vlahanam/rol-outfit/src/internal/requests/user_request.go:130.20,133.17 1 0
github.com/vlahanam/rol-outfit/src/internal/requests/user_request.go:133.17,135.4 1 0
github.com/vlahanam/rol-outfit/src/internal/requests/user_request.go:137.2,137.12 1 0
github.com/vlahanam/rol-outfit/src/internal/requests/widget_request.go:21.47,38.2 1 0
github.com/vlahanam/rol-outfit/src/internal/requests/widget_request.go:49.47,50.19 1 0
github.com/vlahanam/rol-outfit/src/internal/requests/widget_request.go:50.19,53.17 1 0
github.com/vlahanam/rol-outfit/src/internal/requests/widget_request.go:53.17,55.4 1 0
github.com/vlahanam/rol-outfit/src/internal/requests/widget_request.go:57.2,57.19 1 0
github.com/vlahanam/rol-outfit/src/internal/requests/widget_request.go:57.19,60.17 1 0
github.com/vlahanam/rol-outfit/src/internal/requests/widget_request.go:60.17,62.4 1 0
github.com/vlahanam/rol-outfit/src/internal/requests/widget_request.go:64.2,64.27 1 0
github.com/vlahanam/rol-outfit/src/internal/requests/widget_request.go:64.27,67.17 1 0
github.com/vlahanam/rol-outfit/src/internal/requests/widget_request.go:67.17,69.4 1 0
github.com/vlahanam/rol-outfit/src/internal/requests/widget_request.go:71.2,71.21 1 0
github.com/vlahanam/rol-outfit/src/internal/requests/widget_request.go:71.21,74.17 1 0
github.com/vlahanam/rol-outfit/src/internal/requests/widget_request.go:74.17,76.4 1 0
github.com/vlahanam/rol-outfit/src/internal/requests/widget_request.go:78.2,78.12 1 0
github.com/vlahanam/rol-outfit/src/internal/repositories/cart_repo.go:30.101,36.16 3 0
github.com/vlahanam/rol-outfit/src/internal/repositories/cart_repo.go:36.16,38.3 1 0
github.com/vlahanam/rol-outfit/src/internal/repositories/cart_repo.go:39.2,39.19 1 0
github.com/vlahanam/rol-outfit/src/internal/repositories/cart_repo.go:42.101,47.16 3 0
github.com/vlahanam/rol-outfit/src/internal/repositories/cart_repo.go:47.16,48.45 1 0
github.com/vlahanam/rol-outfit/src/internal/repositories/cart_repo.go:48.45,50.4 1 0
github.com/vlahanam/rol-outfit/src/internal/repositories/cart_repo.go:51.3,51.68 1 0
github.com/vlahanam/rol-outfit/src/internal/repositories/cart_repo.go:53.2,53.19 1 0
github.com/vlahanam/rol-outfit/src/internal/repositories/cart_repo.go:56.91,57.65 1 0
github.com/vlahanam/rol-outfit/src/internal/repositories/cart_repo.go:57.65,59.3 1 0
github.com/vlahanam/rol-outfit/src/internal/repositories/cart_repo.go:60.2,60.12 1 0
github.com/vlahanam/rol-outfit/src/internal/repositories/cart_repo.go:63.120,66.18 3 0
github.com/vlahanam/rol-outfit/src/internal/repositories/cart_repo.go:66.18,68.3 1 0
github.com/vlahanam/rol-outfit/src/internal/repositories/cart_repo.go:68.8,70.3 1 0
github.com/vlahanam/rol-outfit/src/internal/repositories/cart_repo.go:71.2,72.16 2 0
github.com/vlahanam/rol-outfit/src/internal/repositories/cart_repo.go:72.16,73.45 1 0
github.com/vlahanam/rol-outfit/src/internal/repositories/cart_repo.go:73.45,75.4 1 0
github.com/vlahanam/rol-outfit/src/internal/repositories/cart_repo.go:76.3,76.62 1 0
github.com/vlahanam/rol-outfit/src/internal/repositories/cart_repo.go:78.2,78.19 1 0
github.com/vlahanam/rol-outfit/src/internal/repositories/cart_repo.go:81.101,84.16 3 0
github.com/vlahanam/rol-outfit/src/internal/repositories/cart_repo.go:84.16,85.45 1 0
github.com/vlahanam/rol-outfit/src/internal/repositories/cart_repo.go:85.45,87.4 1 0
github.com/vlahanam/rol-outfit/src/internal/repositories/cart_repo.go:88.3,88.68 1 0
github.com/vlahanam/rol-outfit/src/internal/repositories/cart_repo.go:90.2,90.19 1 0
[...]
github.com/vlahanam/rol-outfit/src/internal/controllers/user_controller.go:269.3,269.47 1 0
github.com/vlahanam/rol-outfit/src/internal/controllers/widget_controller.go:19.50,20.35 1 0
github.com/vlahanam/rol-outfit/src/internal/controllers/widget_controller.go:20.35,22.46 2 0
github.com/vlahanam/rol-outfit/src/internal/controllers/widget_controller.go:22.46,24.4 1 0
github.com/vlahanam/rol-outfit/src/internal/controllers/widget_controller.go:25.3,29.47 4 0
github.com/vlahanam/rol-outfit/src/internal/controllers/widget_controller.go:29.47,30.45 1 0
github.com/vlahanam/rol-outfit/src/internal/controllers/widget_controller.go:30.45,35.5 2 0
github.com/vlahanam/rol-outfit/src/internal/controllers/widget_controller.go:36.4,36.19 1 0
github.com/vlahanam/rol-outfit/src/internal/controllers/widget_controller.go:39.3,43.17 4 0
github.com/vlahanam/rol-outfit/src/internal/controllers/widget_controller.go:43.17,46.4 2 0
github.com/vlahanam/rol-outfit/src/internal/controllers/widget_controller.go:48.3,49.29 2 0
github.com/vlahanam/rol-outfit/src/internal/controllers/widget_controller.go:49.29,51.4 1 0
github.com/vlahanam/rol-outfit/src/internal/controllers/widget_controller.go:52.3,53.58 2 0
github.com/vlahanam/rol-outfit/src/internal/controllers/widget_controller.go:58.48,59.35 1 0
github.com/vlahanam/rol-outfit/src/internal/controllers/widget_controller.go:59.35,63.43 3 0
github.com/vlahanam/rol-outfit/src/internal/controllers/widget_controller.go:63.43,67.4 1 0
github.com/vlahanam/rol-outfit/src/internal/controllers/widget_controller.go:69.3,73.17 4 0
github.com/vlahanam/rol-outfit/src/internal/controllers/widget_controller.go:73.17,74.50 1 0
github.com/vlahanam/rol-outfit/src/internal/controllers/widget_controller.go:74.50,78.5 1 0
github.com/vlahanam/rol-outfit/src/internal/controllers/widget_controller.go:79.4,80.90 2 0
github.com/vlahanam/rol-outfit/src/internal/controllers/widget_controller.go:82.3,82.59 1 0
github.com/vlahanam/rol-outfit/src/internal/controllers/widget_controller.go:87.45,88.35 1 0
github.com/vlahanam/rol-outfit/src/internal/controllers/widget_controller.go:88.35,90.46 2 0
github.com/vlahanam/rol-outfit/src/internal/controllers/widget_controller.go:90.46,92.4 1 0
github.com/vlahanam/rol-outfit/src/internal/controllers/widget_controller.go:93.3,97.47 4 0
github.com/vlahanam/rol-outfit/src/internal/controllers/widget_controller.go:97.47,98.45 1 0
github.com/vlahanam/rol-outfit/src/internal/controllers/widget_controller.go:98.45,103.5 2 0
github.com/vlahanam/rol-outfit/src/internal/controllers/widget_controller.go:104.4,104.19 1 0
github.com/vlahanam/rol-outfit/src/internal/controllers/widget_controller.go:107.3,111.17 4 0
github.com/vlahanam/rol-outfit/src/internal/controllers/widget_controller.go:111.17,114.4 2 0
github.com/vlahanam/rol-outfit/src/internal/controllers/widget_controller.go:116.3,117.29 2 0
github.com/vlahanam/rol-outfit/src/internal/controllers/widget_controller.go:117.29,119.4 1 0
github.com/vlahanam/rol-outfit/src/internal/controllers/widget_controller.go:120.3,121.58 2 0
github.com/vlahanam/rol-outfit/src/internal/controllers/widget_controller.go:126.43,127.35 1 0
github.com/vlahanam/rol-outfit/src/internal/controllers/widget_controller.go:127.35,131.43 3 0
github.com/vlahanam/rol-outfit/src/internal/controllers/widget_controller.go:131.43,135.4 1 0
github.com/vlahanam/rol-outfit/src/internal/controllers/widget_controller.go:137.3,141.17 4 0
github.com/vlahanam/rol-outfit/src/internal/controllers/widget_controller.go:141.17,142.50 1 0
github.com/vlahanam/rol-outfit/src/internal/controllers/widget_controller.go:142.50,146.5 1 0
github.com/vlahanam/rol-outfit/src/internal/controllers/widget_controller.go:147.4,148.90 2 0
github.com/vlahanam/rol-outfit/src/internal/controllers/widget_controller.go:150.3,150.59 1 0
github.com/vlahanam/rol-outfit/src/internal/controllers/widget_controller.go:155.46,156.35 1 0
github.com/vlahanam/rol-outfit/src/internal/controllers/widget_controller.go:156.35,160.47 3 0
github.com/vlahanam/rol-outfit/src/internal/controllers/widget_controller.go:160.47,164.4 1 0
github.com/vlahanam/rol-outfit/src/internal/controllers/widget_controller.go:165.3,165.40 1 0
github.com/vlahanam/rol-outfit/src/internal/controllers/widget_controller.go:165.40,168.22 3 0
github.com/vlahanam/rol-outfit/src/internal/controllers/widget_controller.go:168.22,170.5 1 0
github.com/vlahanam/rol-outfit/src/internal/controllers/widget_controller.go:171.4,171.56 1 0
github.com/vlahanam/rol-outfit/src/internal/controllers/widget_controller.go:175.3,175.26 1 0
github.com/vlahanam/rol-outfit/src/internal/controllers/widget_controller.go:175.26,176.55 1 0
github.com/vlahanam/rol-outfit/src/internal/controllers/widget_controller.go:176.55,180.5 1 0
github.com/vlahanam/rol-outfit/src/internal/controllers/widget_controller.go:183.3,187.17 4 0
github.com/vlahanam/rol-outfit/src/internal/controllers/widget_controller.go:187.17,188.50 1 0
github.com/vlahanam/rol-outfit/src/internal/controllers/widget_controller.go:188.50,192.5 1 0
github.com/vlahanam/rol-outfit/src/internal/controllers/widget_controller.go:193.4,194.90 2 0
github.com/vlahanam/rol-outfit/src/internal/controllers/widget_controller.go:196.3,196.87 1 0
github.com/vlahanam/rol-outfit/src/internal/controllers/widget_controller.go:201.46,202.35 1 0
github.com/vlahanam/rol-outfit/src/internal/controllers/widget_controller.go:202.35,206.43 3 0
github.com/vlahanam/rol-outfit/src/internal/controllers/widget_controller.go:206.43,210.4 1 0
github.com/vlahanam/rol-outfit/src/internal/controllers/widget_controller.go:212.3,213.47 2 0
github.com/vlahanam/rol-outfit/src/internal/controllers/widget_controller.go:213.47,217.4 1 0
github.com/vlahanam/rol-outfit/src/internal/controllers/widget_controller.go:218.3,218.40 1 0
github.com/vlahanam/rol-outfit/src/internal/controllers/widget_controller.go:218.40,221.22 3 0
github.com/vlahanam/rol-outfit/src/internal/controllers/widget_controller.go:221.22,223.5 1 0
github.com/vlahanam/rol-outfit/src/internal/controllers/widget_controller.go:224.4,224.56 1 0
github.com/vlahanam/rol-outfit/src/internal/controllers/widget_controller.go:227.3,230.61 3 0
github.com/vlahanam/rol-outfit/src/internal/controllers/widget_controller.go:230.61,231.50 1 0
github.com/vlahanam/rol-outfit/src/internal/controllers/widget_controller.go:231.50,235.5 1 0
github.com/vlahanam/rol-outfit/src/internal/controllers/widget_controller.go:236.4,237.90 2 0
github.com/vlahanam/rol-outfit/src/internal/controllers/widget_controller.go:239.3,239.67 1 0
github.com/vlahanam/rol-outfit/src/internal/controllers/widget_controller.go:244.46,245.35 1 0
github.com/vlahanam/rol-outfit/src/internal/controllers/widget_controller.go:245.35,249.43 3 0
github.com/vlahanam/rol-outfit/src/internal/controllers/widget_controller.go:249.43,253.4 1 0
github.com/vlahanam/rol-outfit/src/internal/controllers/widget_controller.go:255.3,258.55 3 0
github.com/vlahanam/rol-outfit/src/internal/controllers/widget_controller.go:258.55,259.50 1 0
github.com/vlahanam/rol-outfit/src/internal/controllers/widget_controller.go:259.50,263.5 1 0
github.com/vlahanam/rol-outfit/src/internal/controllers/widget_controller.go:264.4,265.90 2 0
github.com/vlahanam/rol-outfit/src/internal/controllers/widget_controller.go:267.3,267.67 1 0
github.com/vlahanam/rol-outfit/src/internal/dto/cart_dto.go:24.56,26.24 2 0
github.com/vlahanam/rol-outfit/src/internal/dto/cart_dto.go:26.24,28.3 1 0
github.com/vlahanam/rol-outfit/src/internal/dto/cart_dto.go:29.2,35.3 1 0
github.com/vlahanam/rol-outfit/src/internal/dto/cart_dto.go:38.70,40.29 2 0
github.com/vlahanam/rol-outfit/src/internal/dto/cart_dto.go:40.29,42.3 1 0
github.com/vlahanam/rol-outfit/src/internal/dto/cart_dto.go:43.2,48.3 1 0
github.com/vlahanam/rol-outfit/src/internal/dto/category_dto.go:19.53,29.2 1 0
github.com/vlahanam/rol-outfit/src/internal/dto/category_dto.go:31.80,33.2 1 0
github.com/vlahanam/rol-outfit/src/internal/dto/discount_helper.go:7.68,8.18 1 0
github.com/vlahanam/rol-outfit/src/internal/dto/discount_helper.go:8.18,10.3 1 0
github.com/vlahanam/rol-outfit/src/internal/dto/discount_helper.go:11.2,12.40 2 0
github.com/vlahanam/rol-outfit/src/internal/dto/discount_helper.go:12.40,14.3 1 0
github.com/vlahanam/rol-outfit/src/internal/dto/discount_helper.go:15.2,15.35 1 0
github.com/vlahanam/rol-outfit/src/internal/dto/discount_helper.go:15.35,17.3 1 0
github.com/vlahanam/rol-outfit/src/internal/dto/discount_helper.go:18.2,18.13 1 0
github.com/vlahanam/rol-outfit/src/internal/dto/discount_helper.go:22.84,23.44 1 0
github.com/vlahanam/rol-outfit/src/internal/dto/discount_helper.go:23.44,25.3 1 0
github.com/vlahanam/rol-outfit/src/internal/dto/discount_helper.go:26.2,26.34 1 0
github.com/vlahanam/rol-outfit/src/internal/dto/discount_helper.go:29.41,30.14 1 0
github.com/vlahanam/rol-outfit/src/internal/dto/discount_helper.go:30.14,32.3 1 0
github.com/vlahanam/rol-outfit/src/internal/dto/discount_helper.go:33.2,33.31 1 0
github.com/vlahanam/rol-outfit/src/internal/dto/order_dto.go:30.59,32.24 2 0
github.com/vlahanam/rol-outfit/src/internal/dto/order_dto.go:32.24,34.3 1 0
github.com/vlahanam/rol-outfit/src/internal/dto/order_dto.go:35.2,41.3 1 0
github.com/vlahanam/rol-outfit/src/internal/dto/order_dto.go:44.71,46.29 2 0
github.com/vlahanam/rol-outfit/src/internal/dto/order_dto.go:46.29,48.3 1 0
github.com/vlahanam/rol-outfit/src/internal/dto/order_dto.go:49.2,60.3 1 0
github.com/vlahanam/rol-outfit/src/internal/dto/product_dto.go:27.50,29.22 2 0
github.com/vlahanam/rol-outfit/src/internal/dto/product_dto.go:29.22,31.3 1 0
github.com/vlahanam/rol-outfit/src/internal/dto/product_dto.go:32.2,48.3 1 0
github.com/vlahanam/rol-outfit/src/internal/dto/product_dto.go:75.86,77.22 2 0
github.com/vlahanam/rol-outfit/src/internal/dto/product_dto.go:77.22,79.3 1 0
github.com/vlahanam/rol-outfit/src/internal/dto/product_dto.go:81.2,83.31 3 0
github.com/vlahanam/rol-outfit/src/internal/dto/product_dto.go:83.31,87.3 3 0
github.com/vlahanam/rol-outfit/src/internal/dto/product_dto.go:89.2,110.3 1 0
github.com/vlahanam/rol-outfit/src/internal/dto/product_dto.go:119.82,121.25 2 0
github.com/vlahanam/rol-outfit/src/internal/dto/product_dto.go:121.25,123.3 1 0
github.com/vlahanam/rol-outfit/src/internal/dto/product_dto.go:124.2,127.3 1 0
github.com/vlahanam/rol-outfit/src/internal/dto/product_dto.go:130.114,133.25 3 0
github.com/vlahanam/rol-outfit/src/internal/dto/product_dto.go:133.25,135.3 1 0
github.com/vlahanam/rol-outfit/src/internal/dto/product_dto.go:136.2,136.10 1 0
github.com/vlahanam/rol-outfit/src/internal/dto/product_dto.go:139.77,141.2 1 0
github.com/vlahanam/rol-outfit/src/internal/dto/product_variant_dto.go:28.94,30.77 2 0
github.com/vlahanam/rol-outfit/src/internal/dto/product_variant_dto.go:30.77,32.3 1 0
github.com/vlahanam/rol-outfit/src/internal/dto/product_variant_dto.go:32.8,32.96 1 0
github.com/vlahanam/rol-outfit/src/internal/dto/product_variant_dto.go:32.96,34.3 1 0
github.com/vlahanam/rol-outfit/src/internal/dto/product_variant_dto.go:35.2,50.3 1 0
github.com/vlahanam/rol-outfit/src/internal/dto/product_variant_dto.go:53.64,55.2 1 0
github.com/vlahanam/rol-outfit/src/internal/dto/tag_dto.go:19.38,21.22 2 0
github.com/vlahanam/rol-outfit/src/internal/dto/tag_dto.go:21.22,24.3 2 0
github.com/vlahanam/rol-outfit/src/internal/dto/tag_dto.go:25.2,25.20 1 0
github.com/vlahanam/rol-outfit/src/internal/dto/tag_dto.go:25.20,28.3 2 0
github.com/vlahanam/rol-outfit/src/internal/dto/tag_dto.go:29.2,37.3 1 0
github.com/vlahanam/rol-outfit/src/internal/dto/user_address_dto.go:19.62,29.2 1 0
github.com/vlahanam/rol-outfit/src/internal/dto/user_address_dto.go:31.78,33.30 2 0
github.com/vlahanam/rol-outfit/src/internal/dto/user_address_dto.go:33.30,35.3 1 0
github.com/vlahanam/rol-outfit/src/internal/dto/user_address_dto.go:36.2,36.15 1 0
github.com/vlahanam/rol-outfit/src/internal/dto/user_dto.go:34.41,45.2 1 0
github.com/vlahanam/rol-outfit/src/internal/dto/user_dto.go:49.68,51.2 1 0
github.com/vlahanam/rol-outfit/src/internal/dto/user_dto.go:54.45,66.2 1 0
github.com/vlahanam/rol-outfit/src/internal/dto/widget_dto.go:24.47,38.2 1 0
github.com/vlahanam/rol-outfit/src/internal/middleware/jwt_middleware.go:13.46,14.35 1 0
github.com/vlahanam/rol-outfit/src/internal/middleware/jwt_middleware.go:14.35,17.42 3 0
github.com/vlahanam/rol-outfit/src/internal/middleware/jwt_middleware.go:17.42,21.4 1 0
github.com/vlahanam/rol-outfit/src/internal/middleware/jwt_middleware.go:23.3,24.77 2 0
github.com/vlahanam/rol-outfit/src/internal/middleware/jwt_middleware.go:24.77,25.55 1 0
github.com/vlahanam/rol-outfit/src/internal/middleware/jwt_middleware.go:25.55,27.5 1 0
github.com/vlahanam/rol-outfit/src/internal/middleware/jwt_middleware.go:28.4,28.33 1 0
github.com/vlahanam/rol-outfit/src/internal/middleware/jwt_middleware.go:30.3,30.33 1 0
github.com/vlahanam/rol-outfit/src/internal/middleware/jwt_middleware.go:30.33,34.4 1 0
github.com/vlahanam/rol-outfit/src/internal/middleware/jwt_middleware.go:36.3,37.10 2 0
github.com/vlahanam/rol-outfit/src/internal/middleware/jwt_middleware.go:37.10,39.4 1 0
github.com/vlahanam/rol-outfit/src/internal/middleware/jwt_middleware.go:41.3,42.23 2 0
github.com/vlahanam/rol-outfit/src/internal/middleware/jwt_middleware.go:42.23,44.4 1 0
github.com/vlahanam/rol-outfit/src/internal/middleware/jwt_middleware.go:45.3,48.20 4 0
github.com/vlahanam/rol-outfit/src/internal/middleware/role_middleware.go:11.54,12.35 1 0
github.com/vlahanam/rol-outfit/src/internal/middleware/role_middleware.go:12.35,15.34 3 0
github.com/vlahanam/rol-outfit/src/internal/middleware/role_middleware.go:15.34,19.4 1 0
github.com/vlahanam/rol-outfit/src/internal/middleware/role_middleware.go:20.3,20.20 1 0
github.com/vlahanam/rol-outfit/src/internal/seeder/seed_categories.go:26.50,28.31 2 0
github.com/vlahanam/rol-outfit/src/internal/seeder/seed_categories.go:28.31,33.17 4 0
github.com/vlahanam/rol-outfit/src/internal/seeder/seed_categories.go:33.17,36.12 3 0
github.com/vlahanam/rol-outfit/src/internal/seeder/seed_categories.go:38.3,38.46 1 0
github.com/vlahanam/rol-outfit/src/internal/seeder/seed_categories.go:38.46,40.4 1 0
github.com/vlahanam/rol-outfit/src/internal/seeder/seed_categories.go:42.3,49.47 2 0
github.com/vlahanam/rol-outfit/src/internal/seeder/seed_categories.go:49.47,51.4 1 0
github.com/vlahanam/rol-outfit/src/internal/seeder/seed_categories.go:52.3,53.16 2 0
github.com/vlahanam/rol-outfit/src/internal/seeder/seed_categories.go:55.2,55.17 1 0
github.com/vlahanam/rol-outfit/src/internal/seeder/seed_product_variants.go:21.44,23.39 2 0
github.com/vlahanam/rol-outfit/src/internal/seeder/seed_product_variants.go:23.39,25.3 1 0
github.com/vlahanam/rol-outfit/src/internal/seeder/seed_product_variants.go:26.2,27.10 2 0
github.com/vlahanam/rol-outfit/src/internal/seeder/seed_product_variants.go:99.55,104.29 3 0
github.com/vlahanam/rol-outfit/src/internal/seeder/seed_product_variants.go:104.29,106.3 1 0
github.com/vlahanam/rol-outfit/src/internal/seeder/seed_product_variants.go:108.2,108.32 1 0
github.com/vlahanam/rol-outfit/src/internal/seeder/seed_product_variants.go:108.32,111.17 3 0
github.com/vlahanam/rol-outfit/src/internal/seeder/seed_product_variants.go:111.17,112.46 1 0
github.com/vlahanam/rol-outfit/src/internal/seeder/seed_product_variants.go:112.46,115.13 3 0
github.com/vlahanam/rol-outfit/src/internal/seeder/seed_product_variants.go:117.4,117.19 1 0
github.com/vlahanam/rol-outfit/src/internal/seeder/seed_product_variants.go:120.3,121.116 2 0
github.com/vlahanam/rol-outfit/src/internal/seeder/seed_product_variants.go:121.116,123.4 1 0
github.com/vlahanam/rol-outfit/src/internal/seeder/seed_product_variants.go:124.3,124.16 1 0
github.com/vlahanam/rol-outfit/src/internal/seeder/seed_product_variants.go:124.16,127.12 3 0
github.com/vlahanam/rol-outfit/src/internal/seeder/seed_product_variants.go:130.3,131.26 2 0
github.com/vlahanam/rol-outfit/src/internal/seeder/seed_product_variants.go:131.26,141.4 1 0
github.com/vlahanam/rol-outfit/src/internal/seeder/seed_product_variants.go:142.3,142.48 1 0
github.com/vlahanam/rol-outfit/src/internal/seeder/seed_product_variants.go:142.48,144.4 1 0
github.com/vlahanam/rol-outfit/src/internal/seeder/seed_product_variants.go:145.3,146.27 2 0
github.com/vlahanam/rol-outfit/src/internal/seeder/seed_product_variants.go:148.2,148.17 1 0
github.com/vlahanam/rol-outfit/src/internal/seeder/seed_products.go:43.48,45.29 2 0
github.com/vlahanam/rol-outfit/src/internal/seeder/seed_products.go:45.29,47.103 2 0
github.com/vlahanam/rol-outfit/src/internal/seeder/seed_products.go:47.103,48.46 1 0
github.com/vlahanam/rol-outfit/src/internal/seeder/seed_products.go:48.46,51.13 3 0
github.com/vlahanam/rol-outfit/src/internal/seeder/seed_products.go:53.4,53.19 1 0
github.com/vlahanam/rol-outfit/src/internal/seeder/seed_products.go:56.3,59.17 4 0
github.com/vlahanam/rol-outfit/src/internal/seeder/seed_products.go:59.17,62.12 3 0
github.com/vlahanam/rol-outfit/src/internal/seeder/seed_products.go:64.3,64.46 1 0
github.com/vlahanam/rol-outfit/src/internal/seeder/seed_products.go:64.46,66.4 1 0
github.com/vlahanam/rol-outfit/src/internal/seeder/seed_products.go:68.3,79.47 2 0
github.com/vlahanam/rol-outfit/src/internal/seeder/seed_products.go:79.47,81.4 1 0
github.com/vlahanam/rol-outfit/src/internal/seeder/seed_products.go:82.3,83.16 2 0
github.com/vlahanam/rol-outfit/src/internal/seeder/seed_products.go:85.2,85.17 1 0
github.com/vlahanam/rol-outfit/src/internal/seeder/seed_users.go:46.45,48.26 2 0
github.com/vlahanam/rol-outfit/src/internal/seeder/seed_users.go:48.26,51.17 3 0
github.com/vlahanam/rol-outfit/src/internal/seeder/seed_users.go:51.17,54.12 3 0
github.com/vlahanam/rol-outfit/src/internal/seeder/seed_users.go:56.3,56.46 1 0
github.com/vlahanam/rol-outfit/src/internal/seeder/seed_users.go:56.46,58.4 1 0
github.com/vlahanam/rol-outfit/src/internal/seeder/seed_users.go:60.3,61.17 2 0
github.com/vlahanam/rol-outfit/src/internal/seeder/seed_users.go:61.17,63.4 1 0
github.com/vlahanam/rol-outfit/src/internal/seeder/seed_users.go:65.3,74.47 2 0
github.com/vlahanam/rol-outfit/src/internal/seeder/seed_users.go:74.47,76.4 1 0
github.com/vlahanam/rol-outfit/src/internal/seeder/seed_users.go:77.3,78.16 2 0
github.com/vlahanam/rol-outfit/src/internal/seeder/seed_users.go:80.2,80.17 1 0
github.com/vlahanam/rol-outfit/src/internal/seeder/seed_widgets.go:28.47,30.28 2 0
github.com/vlahanam/rol-outfit/src/internal/seeder/seed_widgets.go:30.28,33.17 3 0
github.com/vlahanam/rol-outfit/src/internal/seeder/seed_widgets.go:33.17,36.12 3 0
github.com/vlahanam/rol-outfit/src/internal/seeder/seed_widgets.go:38.3,38.46 1 0
github.com/vlahanam/rol-outfit/src/internal/seeder/seed_widgets.go:38.46,40.4 1 0
github.com/vlahanam/rol-outfit/src/internal/seeder/seed_widgets.go:42.3,49.47 2 0
github.com/vlahanam/rol-outfit/src/internal/seeder/seed_widgets.go:49.47,51.4 1 0
github.com/vlahanam/rol-outfit/src/internal/seeder/seed_widgets.go:52.3,53.16 2 0
github.com/vlahanam/rol-outfit/src/internal/seeder/seed_widgets.go:55.2,55.17 1 0
github.com/vlahanam/rol-outfit/src/internal/seeder/seeder.go:16.32,20.16 3 0
github.com/vlahanam/rol-outfit/src/internal/seeder/seeder.go:20.16,22.3 1 0
github.com/vlahanam/rol-outfit/src/internal/seeder/seeder.go:23.2,26.16 3 0
github.com/vlahanam/rol-outfit/src/internal/seeder/seeder.go:26.16,28.3 1 0
github.com/vlahanam/rol-outfit/src/internal/seeder/seeder.go:29.2,32.16 3 0
github.com/vlahanam/rol-outfit/src/internal/seeder/seeder.go:32.16,34.3 1 0
github.com/vlahanam/rol-outfit/src/internal/seeder/seeder.go:35.2,38.16 3 0
github.com/vlahanam/rol-outfit/src/internal/seeder/seeder.go:38.16,40.3 1 0
github.com/vlahanam/rol-outfit/src/internal/seeder/seeder.go:41.2,44.16 3 0
github.com/vlahanam/rol-outfit/src/internal/seeder/seeder.go:44.16,46.3 1 0
github.com/vlahanam/rol-outfit/src/internal/seeder/seeder.go:47.2,50.12 3 0
